22:16:29 INFO  : Launching XSDB server: xsdb.bat -interactive C:\Users\jon\ECE532\video_in_with_tracking\project_tracking\project_tracking.sdk\temp_xsdb_launch_script.tcl
22:16:32 INFO  : XSDB server has started successfully.
22:16:35 INFO  : Processing command line option -hwspec C:/Users/jon/ECE532/video_in_with_tracking/project_tracking/project_tracking.sdk/design_1_wrapper.hdf.
22:19:18 INFO  : Connected to target on host '127.0.0.1' and port '3121'.
22:19:24 INFO  : 'targets -set -filter {jtag_cable_name =~ "Digilent Nexys4DDR 210292646118A" && level==0} -index 0' command is executed.
22:19:26 INFO  : FPGA configured successfully with bitstream "C:/Users/jon/ECE532/video_in_with_tracking/project_tracking/project_tracking.sdk/design_1_wrapper_hw_platform_0/download.bit"
22:19:41 INFO  : Processor reset is completed for microblaze_0
22:27:01 INFO  : Processor reset is completed for microblaze_0
22:27:49 INFO  : Processor reset is completed for microblaze_0
22:35:27 INFO  : Processor reset is completed for microblaze_0
22:36:06 INFO  : Processor reset is completed for microblaze_0
22:36:25 INFO  : Processor reset is completed for microblaze_0
22:37:00 INFO  : Processor reset is completed for microblaze_0
22:39:26 INFO  : microblaze_0 Processor is in use. Please stop existing Run or Debug sessions before launching.
22:39:28 INFO  : Processor reset is completed for microblaze_0
22:40:08 INFO  : microblaze_0 Processor is in use. Please stop existing Run or Debug sessions before launching.
22:40:11 INFO  : Processor reset is completed for microblaze_0
22:41:02 INFO  : Processor reset is completed for microblaze_0
22:41:39 INFO  : Processor reset is completed for microblaze_0
22:45:33 INFO  : Processor reset is completed for microblaze_0
22:47:00 INFO  : Processor reset is completed for microblaze_0
22:47:01 ERROR : Unexpected error while launching program.
java.lang.RuntimeException: Unknown Error Occured
    Target '0' Does NOT exist in the Current System


	at com.xilinx.sdk.targetmanager.internal.TM.downloadELF(TM.java:686)
	at com.xilinx.sdk.debug.core.internal.AppRunner.run(AppRunner.java:129)
	at com.xilinx.sdk.debug.core.XilinxAppLaunchConfigurationDelegate.runApplication(XilinxAppLaunchConfigurationDelegate.java:637)
	at com.xilinx.sdk.debug.core.XilinxAppLaunchConfigurationDelegate.launch(XilinxAppLaunchConfigurationDelegate.java:309)
	at com.xilinx.sdk.debug.ui.XilinxAppLaunchDelegateWrapper.launch(XilinxAppLaunchDelegateWrapper.java:31)
	at org.eclipse.debug.internal.core.LaunchConfiguration.launch(LaunchConfiguration.java:885)
	at org.eclipse.debug.internal.core.LaunchConfiguration.launch(LaunchConfiguration.java:739)
	at org.eclipse.debug.internal.ui.DebugUIPlugin.buildAndLaunch(DebugUIPlugin.java:1039)
	at org.eclipse.debug.internal.ui.DebugUIPlugin$8.run(DebugUIPlugin.java:1256)
	at org.eclipse.core.internal.jobs.Worker.run(Worker.java:55)
22:47:40 INFO  : Connected to target on host '127.0.0.1' and port '3121'.
22:47:40 INFO  : 'targets -set -filter {jtag_cable_name =~ "Digilent Nexys4DDR 210292646118A" && level==0} -index 0' command is executed.
22:47:42 INFO  : FPGA configured successfully with bitstream "C:/Users/jon/ECE532/video_in_with_tracking/project_tracking/project_tracking.sdk/design_1_wrapper_hw_platform_0/download.bit"
22:48:33 INFO  : Connected to target on host '127.0.0.1' and port '3121'.
22:48:33 INFO  : 'targets -set -filter {jtag_cable_name =~ "Digilent Nexys4DDR 210292646118A" && level==0} -index 0' command is executed.
22:48:36 INFO  : FPGA configured successfully with bitstream "C:/Users/jon/ECE532/video_in_with_tracking/project_tracking/project_tracking.sdk/design_1_wrapper_hw_platform_0/download.bit"
22:49:15 ERROR : Unexpected error while parsing XMD response ?: com.google.gson.JsonSyntaxException: com.google.gson.stream.MalformedJsonException: invalid number or unquoted string near 
22:49:45 INFO  : Launching XSDB server: xsdb.bat -interactive C:\Users\jon\ECE532\video_in_with_tracking\project_tracking\project_tracking.sdk\temp_xsdb_launch_script.tcl
22:49:48 INFO  : XSDB server has started successfully.
22:49:50 INFO  : Processing command line option -hwspec C:/Users/jon/ECE532/video_in_with_tracking/project_tracking/project_tracking.sdk/design_1_wrapper.hdf.
22:49:50 INFO  : Checking for hwspec changes in the project design_1_wrapper_hw_platform_0.
22:50:47 INFO  : Processor reset is completed for microblaze_0
22:51:31 INFO  : Processor reset is completed for microblaze_0
22:51:55 INFO  : Processor reset is completed for microblaze_0
22:52:19 INFO  : Processor reset is completed for microblaze_0
22:52:43 INFO  : Processor reset is completed for microblaze_0
22:52:57 INFO  : Processor reset is completed for microblaze_0
22:53:46 INFO  : Processor reset is completed for microblaze_0
22:54:22 INFO  : Processor reset is completed for microblaze_0
22:57:42 INFO  : Processor reset is completed for microblaze_0
22:58:33 INFO  : Processor reset is completed for microblaze_0
22:58:33 ERROR : Unexpected error while launching program.
java.lang.RuntimeException: Unknown Error Occured
    Target '0' Does NOT exist in the Current System


	at com.xilinx.sdk.targetmanager.internal.TM.downloadELF(TM.java:686)
	at com.xilinx.sdk.debug.core.internal.AppRunner.run(AppRunner.java:129)
	at com.xilinx.sdk.debug.core.XilinxAppLaunchConfigurationDelegate.runApplication(XilinxAppLaunchConfigurationDelegate.java:637)
	at com.xilinx.sdk.debug.core.XilinxAppLaunchConfigurationDelegate.launch(XilinxAppLaunchConfigurationDelegate.java:309)
	at com.xilinx.sdk.debug.ui.XilinxAppLaunchDelegateWrapper.launch(XilinxAppLaunchDelegateWrapper.java:31)
	at org.eclipse.debug.internal.core.LaunchConfiguration.launch(LaunchConfiguration.java:885)
	at org.eclipse.debug.internal.core.LaunchConfiguration.launch(LaunchConfiguration.java:739)
	at org.eclipse.debug.internal.ui.DebugUIPlugin.buildAndLaunch(DebugUIPlugin.java:1039)
	at org.eclipse.debug.internal.ui.DebugUIPlugin$8.run(DebugUIPlugin.java:1256)
	at org.eclipse.core.internal.jobs.Worker.run(Worker.java:55)
22:59:59 ERROR : Unexpected error while parsing XMD response ?: com.google.gson.JsonSyntaxException: com.google.gson.stream.MalformedJsonException: invalid number or unquoted string near 
23:00:24 INFO  : Launching XSDB server: xsdb.bat -interactive C:\Users\jon\ECE532\video_in_with_tracking\project_tracking\project_tracking.sdk\temp_xsdb_launch_script.tcl
23:00:27 INFO  : XSDB server has started successfully.
23:00:27 INFO  : Processing command line option -hwspec C:/Users/jon/ECE532/video_in_with_tracking/project_tracking/project_tracking.sdk/design_1_wrapper.hdf.
23:00:28 INFO  : Checking for hwspec changes in the project design_1_wrapper_hw_platform_0.
23:01:13 INFO  : Processor reset is completed for microblaze_0
23:01:44 INFO  : microblaze_0 Processor is in use. Please stop existing Run or Debug sessions before launching.
23:01:47 INFO  : Processor reset is completed for microblaze_0
23:02:29 INFO  : Processor reset is completed for microblaze_0
23:03:12 INFO  : microblaze_0 Processor is in use. Please stop existing Run or Debug sessions before launching.
23:03:14 INFO  : Processor reset is completed for microblaze_0
23:03:53 INFO  : Processor reset is completed for microblaze_0
23:03:53 ERROR : Unexpected error while launching program.
java.lang.RuntimeException: Unknown Error Occured
    Target '0' Does NOT exist in the Current System


	at com.xilinx.sdk.targetmanager.internal.TM.downloadELF(TM.java:686)
	at com.xilinx.sdk.debug.core.internal.AppRunner.run(AppRunner.java:129)
	at com.xilinx.sdk.debug.core.XilinxAppLaunchConfigurationDelegate.runApplication(XilinxAppLaunchConfigurationDelegate.java:637)
	at com.xilinx.sdk.debug.core.XilinxAppLaunchConfigurationDelegate.launch(XilinxAppLaunchConfigurationDelegate.java:309)
	at com.xilinx.sdk.debug.ui.XilinxAppLaunchDelegateWrapper.launch(XilinxAppLaunchDelegateWrapper.java:31)
	at org.eclipse.debug.internal.core.LaunchConfiguration.launch(LaunchConfiguration.java:885)
	at org.eclipse.debug.internal.core.LaunchConfiguration.launch(LaunchConfiguration.java:739)
	at org.eclipse.debug.internal.ui.DebugUIPlugin.buildAndLaunch(DebugUIPlugin.java:1039)
	at org.eclipse.debug.internal.ui.DebugUIPlugin$8.run(DebugUIPlugin.java:1256)
	at org.eclipse.core.internal.jobs.Worker.run(Worker.java:55)
23:04:22 ERROR : Unexpected error while parsing XMD response ?: com.google.gson.JsonSyntaxException: com.google.gson.stream.MalformedJsonException: invalid number or unquoted string near 
23:04:44 INFO  : Launching XSDB server: xsdb.bat -interactive C:\Users\jon\ECE532\video_in_with_tracking\project_tracking\project_tracking.sdk\temp_xsdb_launch_script.tcl
23:04:46 INFO  : XSDB server has started successfully.
23:04:47 INFO  : Processing command line option -hwspec C:/Users/jon/ECE532/video_in_with_tracking/project_tracking/project_tracking.sdk/design_1_wrapper.hdf.
23:04:47 INFO  : Checking for hwspec changes in the project design_1_wrapper_hw_platform_0.
23:05:09 INFO  : Processor reset is completed for microblaze_0
23:07:11 INFO  : Connected to target on host '127.0.0.1' and port '3121'.
23:07:17 INFO  : 'targets -set -filter {jtag_cable_name =~ "Digilent Nexys4DDR 210292646118A" && level==0} -index 0' command is executed.
23:07:19 INFO  : FPGA configured successfully with bitstream "C:/Users/jon/ECE532/video_in_with_tracking/project_tracking/project_tracking.sdk/design_1_wrapper_hw_platform_0/download.bit"
23:18:05 INFO  : Processor reset is completed for microblaze_0
23:19:15 INFO  : Processor reset is completed for microblaze_0
23:20:24 INFO  : microblaze_0 Processor is in use. Please stop existing Run or Debug sessions before launching.
23:20:45 ERROR : Unexpected error while parsing XMD response ?: com.google.gson.JsonSyntaxException: com.google.gson.stream.MalformedJsonException: invalid number or unquoted string near 
23:21:17 INFO  : Launching XSDB server: xsdb.bat -interactive C:\Users\jon\ECE532\video_in_with_tracking\project_tracking\project_tracking.sdk\temp_xsdb_launch_script.tcl
23:21:20 INFO  : XSDB server has started successfully.
23:21:22 INFO  : Processing command line option -hwspec C:/Users/jon/ECE532/video_in_with_tracking/project_tracking/project_tracking.sdk/design_1_wrapper.hdf.
23:21:22 INFO  : Checking for hwspec changes in the project design_1_wrapper_hw_platform_0.
23:22:58 INFO  : Processor reset is completed for microblaze_0
23:24:26 INFO  : Processor reset is completed for microblaze_0
23:26:06 INFO  : Processor reset is completed for microblaze_0
23:26:46 INFO  : Connected to target on host '127.0.0.1' and port '3121'.
23:26:57 INFO  : 'targets -set -filter {jtag_cable_name =~ "Digilent Nexys4DDR 210292646118A" && level==0} -index 0' command is executed.
23:26:59 INFO  : FPGA configured successfully with bitstream "C:/Users/jon/ECE532/video_in_with_tracking/project_tracking/project_tracking.sdk/design_1_wrapper_hw_platform_0/download.bit"
23:27:08 INFO  : Processor reset is completed for microblaze_0
23:43:52 INFO  : Connected to target on host '127.0.0.1' and port '3121'.
23:43:53 INFO  : 'targets -set -filter {jtag_cable_name =~ "Digilent Nexys4DDR 210292646118A" && level==0} -index 0' command is executed.
23:43:55 INFO  : FPGA configured successfully with bitstream "C:/Users/jon/ECE532/video_in_with_tracking/project_tracking/project_tracking.sdk/design_1_wrapper_hw_platform_0/download.bit"
23:44:03 INFO  : Processor reset is completed for microblaze_0
23:46:34 INFO  : Processor reset is completed for microblaze_0
23:47:03 INFO  : Processor reset is completed for microblaze_0
23:56:11 INFO  : Processor reset is completed for microblaze_0
23:57:25 INFO  : Processor reset is completed for microblaze_0
23:58:31 INFO  : Processor reset is completed for microblaze_0
23:59:50 INFO  : Processor reset is completed for microblaze_0
00:00:25 INFO  : Processor reset is completed for microblaze_0
00:01:52 INFO  : Processor reset is completed for microblaze_0
01:01:43 INFO  : SDK has detected change in the last modified timestamps for source hardware specification file Source:1489640490457,  Project:1489630532465
01:01:43 INFO  : Project design_1_wrapper_hw_platform_0's source hardware specification located at C:/Users/jon/ECE532/video_in_with_tracking/project_tracking/project_tracking.sdk/design_1_wrapper.hdf is now different from the local copy.
		 The local copy will be replaced with the source specification and your workspace will be updated.
01:02:01 INFO  : Copied contents of C:/Users/jon/ECE532/video_in_with_tracking/project_tracking/project_tracking.sdk/design_1_wrapper.hdf into \design_1_wrapper_hw_platform_0\system.hdf.
01:02:02 INFO  : Synchronizing projects in the workspace with the hardware platform specification changes.
01:02:09 INFO  : 
01:02:10 INFO  : Updating hardware inferred compiler options for test.
01:02:10 INFO  : Clearing existing target manager status.
01:02:36 INFO  : Connected to target on host '127.0.0.1' and port '3121'.
01:02:36 INFO  : 'targets -set -filter {jtag_cable_name =~ "Digilent Nexys4DDR 210292646118A" && level==0} -index 0' command is executed.
01:02:38 INFO  : FPGA configured successfully with bitstream "C:/Users/jon/ECE532/video_in_with_tracking/project_tracking/project_tracking.sdk/design_1_wrapper_hw_platform_0/download.bit"
01:02:45 INFO  : Processor reset is completed for microblaze_0
01:04:33 INFO  : Processor reset is completed for microblaze_0
01:05:10 INFO  : Processor reset is completed for microblaze_0
01:08:00 INFO  : Processor reset is completed for microblaze_0
01:10:43 INFO  : Processor reset is completed for microblaze_0
01:11:45 ERROR : Unexpected error while parsing XMD response ?: com.google.gson.JsonSyntaxException: com.google.gson.stream.MalformedJsonException: invalid number or unquoted string near 
14:08:02 INFO  : Launching XSDB server: xsdb.bat -interactive C:\Users\jon\ECE532\video_in_with_tracking\project_tracking\project_tracking.sdk\temp_xsdb_launch_script.tcl
14:10:53 INFO  : Launching XSDB server: xsdb.bat -interactive C:\Users\jon\ECE532\video_in_with_tracking\project_tracking\project_tracking.sdk\temp_xsdb_launch_script.tcl
14:10:56 INFO  : XSDB server has started successfully.
14:10:59 INFO  : Processing command line option -hwspec C:/Users/jon/ECE532/video_in_with_tracking/project_tracking/project_tracking.sdk/design_1_wrapper.hdf.
14:10:59 INFO  : Checking for hwspec changes in the project design_1_wrapper_hw_platform_0.
14:11:37 INFO  : Connected to target on host '127.0.0.1' and port '3121'.
14:11:39 INFO  : 'targets -set -filter {jtag_cable_name =~ "Digilent Nexys4DDR 210292646118A" && level==0} -index 0' command is executed.
14:11:41 INFO  : FPGA configured successfully with bitstream "C:/Users/jon/ECE532/video_in_with_tracking/project_tracking/project_tracking.sdk/design_1_wrapper_hw_platform_0/download.bit"
14:11:54 INFO  : Processor reset is completed for microblaze_0
14:14:05 INFO  : Processor reset is completed for microblaze_0
14:17:28 INFO  : Processor reset is completed for microblaze_0
14:18:25 INFO  : Processor reset is completed for microblaze_0
14:20:38 INFO  : Processor reset is completed for microblaze_0
14:21:56 INFO  : Processor reset is completed for microblaze_0
14:21:56 ERROR : Unexpected error while launching program.
java.lang.RuntimeException: Unknown Error Occured
    Target '0' Does NOT exist in the Current System


	at com.xilinx.sdk.targetmanager.internal.TM.downloadELF(TM.java:686)
	at com.xilinx.sdk.debug.core.internal.AppRunner.run(AppRunner.java:129)
	at com.xilinx.sdk.debug.core.XilinxAppLaunchConfigurationDelegate.runApplication(XilinxAppLaunchConfigurationDelegate.java:637)
	at com.xilinx.sdk.debug.core.XilinxAppLaunchConfigurationDelegate.launch(XilinxAppLaunchConfigurationDelegate.java:309)
	at com.xilinx.sdk.debug.ui.XilinxAppLaunchDelegateWrapper.launch(XilinxAppLaunchDelegateWrapper.java:31)
	at org.eclipse.debug.internal.core.LaunchConfiguration.launch(LaunchConfiguration.java:885)
	at org.eclipse.debug.internal.core.LaunchConfiguration.launch(LaunchConfiguration.java:739)
	at org.eclipse.debug.internal.ui.DebugUIPlugin.buildAndLaunch(DebugUIPlugin.java:1039)
	at org.eclipse.debug.internal.ui.DebugUIPlugin$8.run(DebugUIPlugin.java:1256)
	at org.eclipse.core.internal.jobs.Worker.run(Worker.java:55)
14:22:40 INFO  : Connected to target on host '127.0.0.1' and port '3121'.
14:22:40 INFO  : 'targets -set -filter {jtag_cable_name =~ "Digilent Nexys4DDR 210292646118A" && level==0} -index 0' command is executed.
14:22:42 INFO  : FPGA configured successfully with bitstream "C:/Users/jon/ECE532/video_in_with_tracking/project_tracking/project_tracking.sdk/design_1_wrapper_hw_platform_0/download.bit"
14:23:16 ERROR : Unexpected error while parsing XMD response ?: com.google.gson.JsonSyntaxException: com.google.gson.stream.MalformedJsonException: invalid number or unquoted string near 
14:23:43 INFO  : Launching XSDB server: xsdb.bat -interactive C:\Users\jon\ECE532\video_in_with_tracking\project_tracking\project_tracking.sdk\temp_xsdb_launch_script.tcl
14:23:46 INFO  : XSDB server has started successfully.
14:23:48 INFO  : Processing command line option -hwspec C:/Users/jon/ECE532/video_in_with_tracking/project_tracking/project_tracking.sdk/design_1_wrapper.hdf.
14:23:48 INFO  : Checking for hwspec changes in the project design_1_wrapper_hw_platform_0.
14:24:12 INFO  : Connected to target on host '127.0.0.1' and port '3121'.
14:24:17 INFO  : 'targets -set -filter {jtag_cable_name =~ "Digilent Nexys4DDR 210292646118A" && level==0} -index 0' command is executed.
14:24:20 INFO  : FPGA configured successfully with bitstream "C:/Users/jon/ECE532/video_in_with_tracking/project_tracking/project_tracking.sdk/design_1_wrapper_hw_platform_0/download.bit"
14:24:29 INFO  : Processor reset is completed for microblaze_0
14:24:54 INFO  : Processor reset is completed for microblaze_0
14:28:30 INFO  : Processor reset is completed for microblaze_0
14:31:56 INFO  : Processor reset is completed for microblaze_0
14:35:32 INFO  : Processor reset is completed for microblaze_0
14:37:00 INFO  : Processor reset is completed for microblaze_0
14:37:22 INFO  : Processor reset is completed for microblaze_0
14:37:37 INFO  : Processor reset is completed for microblaze_0
14:38:39 INFO  : Processor reset is completed for microblaze_0
14:39:54 INFO  : Processor reset is completed for microblaze_0
14:40:27 INFO  : Processor reset is completed for microblaze_0
14:41:40 INFO  : Processor reset is completed for microblaze_0
14:47:00 INFO  : Processor reset is completed for microblaze_0
14:48:25 INFO  : Processor reset is completed for microblaze_0
14:54:14 INFO  : Processor reset is completed for microblaze_0
14:57:03 INFO  : Processor reset is completed for microblaze_0
14:58:09 INFO  : Processor reset is completed for microblaze_0
14:59:20 INFO  : Processor reset is completed for microblaze_0
15:00:14 INFO  : Processor reset is completed for microblaze_0
15:00:53 INFO  : Processor reset is completed for microblaze_0
15:01:10 INFO  : Processor reset is completed for microblaze_0
15:02:37 INFO  : Connected to target on host '127.0.0.1' and port '3121'.
15:02:37 INFO  : 'targets -set -filter {jtag_cable_name =~ "Digilent Nexys4DDR 210292646118A" && level==0} -index 0' command is executed.
15:02:40 INFO  : FPGA configured successfully with bitstream "C:/Users/jon/ECE532/video_in_with_tracking/project_tracking/project_tracking.sdk/design_1_wrapper_hw_platform_0/download.bit"
15:02:45 INFO  : Processor reset is completed for microblaze_0
15:03:55 INFO  : Processor reset is completed for microblaze_0
15:05:27 INFO  : Processor reset is completed for microblaze_0
15:06:30 INFO  : Connected to target on host '127.0.0.1' and port '3121'.
15:06:30 INFO  : 'targets -set -filter {jtag_cable_name =~ "Digilent Nexys4DDR 210292646118A" && level==0} -index 0' command is executed.
15:06:32 INFO  : FPGA configured successfully with bitstream "C:/Users/jon/ECE532/video_in_with_tracking/project_tracking/project_tracking.sdk/design_1_wrapper_hw_platform_0/download.bit"
15:06:38 INFO  : Processor reset is completed for microblaze_0
15:09:15 INFO  : Processor reset is completed for microblaze_0
15:09:56 INFO  : Processor reset is completed for microblaze_0
15:10:23 INFO  : Processor reset is completed for microblaze_0
15:10:24 ERROR : Unexpected error while launching program.
java.lang.RuntimeException: Unknown Error Occured
    Target '0' Does NOT exist in the Current System


	at com.xilinx.sdk.targetmanager.internal.TM.downloadELF(TM.java:686)
	at com.xilinx.sdk.debug.core.internal.AppRunner.run(AppRunner.java:129)
	at com.xilinx.sdk.debug.core.XilinxAppLaunchConfigurationDelegate.runApplication(XilinxAppLaunchConfigurationDelegate.java:637)
	at com.xilinx.sdk.debug.core.XilinxAppLaunchConfigurationDelegate.launch(XilinxAppLaunchConfigurationDelegate.java:309)
	at com.xilinx.sdk.debug.ui.XilinxAppLaunchDelegateWrapper.launch(XilinxAppLaunchDelegateWrapper.java:31)
	at org.eclipse.debug.internal.core.LaunchConfiguration.launch(LaunchConfiguration.java:885)
	at org.eclipse.debug.internal.core.LaunchConfiguration.launch(LaunchConfiguration.java:739)
	at org.eclipse.debug.internal.ui.DebugUIPlugin.buildAndLaunch(DebugUIPlugin.java:1039)
	at org.eclipse.debug.internal.ui.DebugUIPlugin$8.run(DebugUIPlugin.java:1256)
	at org.eclipse.core.internal.jobs.Worker.run(Worker.java:55)
15:11:13 INFO  : Connected to target on host '127.0.0.1' and port '3121'.
15:11:13 INFO  : 'targets -set -filter {jtag_cable_name =~ "Digilent Nexys4DDR 210292646118A" && level==0} -index 0' command is executed.
15:11:15 INFO  : FPGA configured successfully with bitstream "C:/Users/jon/ECE532/video_in_with_tracking/project_tracking/project_tracking.sdk/design_1_wrapper_hw_platform_0/download.bit"
15:12:07 ERROR : Unexpected error while parsing XMD response ?: com.google.gson.JsonSyntaxException: com.google.gson.stream.MalformedJsonException: invalid number or unquoted string near 
15:12:52 INFO  : Launching XSDB server: xsdb.bat -interactive C:\Users\jon\ECE532\video_in_with_tracking\project_tracking\project_tracking.sdk\temp_xsdb_launch_script.tcl
15:12:55 INFO  : XSDB server has started successfully.
15:12:57 INFO  : Processing command line option -hwspec C:/Users/jon/ECE532/video_in_with_tracking/project_tracking/project_tracking.sdk/design_1_wrapper.hdf.
15:12:57 INFO  : Checking for hwspec changes in the project design_1_wrapper_hw_platform_0.
15:13:31 INFO  : Connected to target on host '127.0.0.1' and port '3121'.
15:13:36 INFO  : 'targets -set -filter {jtag_cable_name =~ "Digilent Nexys4DDR 210292646118A" && level==0} -index 0' command is executed.
15:13:39 INFO  : FPGA configured successfully with bitstream "C:/Users/jon/ECE532/video_in_with_tracking/project_tracking/project_tracking.sdk/design_1_wrapper_hw_platform_0/download.bit"
15:13:46 INFO  : Processor reset is completed for microblaze_0
15:16:38 INFO  : Processor reset is completed for microblaze_0
15:21:33 INFO  : Processor reset is completed for microblaze_0
15:24:06 INFO  : Processor reset is completed for microblaze_0
15:25:25 INFO  : Processor reset is completed for microblaze_0
15:37:44 INFO  : Processor reset is completed for microblaze_0
15:43:12 INFO  : Processor reset is completed for microblaze_0
15:54:59 INFO  : Processor reset is completed for microblaze_0
15:56:09 INFO  : Processor reset is completed for microblaze_0
15:56:41 INFO  : Processor reset is completed for microblaze_0
16:02:49 INFO  : Processor reset is completed for microblaze_0
16:04:44 INFO  : Processor reset is completed for microblaze_0
16:11:00 INFO  : Processor reset is completed for microblaze_0
16:11:30 INFO  : Processor reset is completed for microblaze_0
16:51:11 INFO  : Processor reset is completed for microblaze_0
16:53:32 INFO  : Processor reset is completed for microblaze_0
16:54:14 INFO  : Processor reset is completed for microblaze_0
16:55:53 INFO  : Processor reset is completed for microblaze_0
16:56:15 INFO  : Processor reset is completed for microblaze_0
16:56:42 INFO  : Processor reset is completed for microblaze_0
16:57:50 INFO  : Processor reset is completed for microblaze_0
17:03:49 INFO  : Processor reset is completed for microblaze_0
17:04:07 INFO  : Processor reset is completed for microblaze_0
17:06:01 INFO  : Processor reset is completed for microblaze_0
17:39:57 ERROR : Unexpected error while parsing XMD response ?: com.google.gson.JsonSyntaxException: com.google.gson.stream.MalformedJsonException: invalid number or unquoted string near 
22:31:58 INFO  : Launching XSDB server: xsdb.bat -interactive C:\Users\jon\ECE532\video_in_with_tracking\project_tracking\project_tracking.sdk\temp_xsdb_launch_script.tcl
22:32:01 INFO  : XSDB server has started successfully.
22:32:04 INFO  : Processing command line option -hwspec C:/Users/jon/ECE532/video_in_with_tracking/project_tracking/project_tracking.sdk/design_1_wrapper.hdf.
22:32:04 INFO  : Checking for hwspec changes in the project design_1_wrapper_hw_platform_0.
22:32:04 INFO  : SDK has detected change in the last modified timestamps for source hardware specification file Source:1489717749691,  Project:1489640490457
22:32:04 INFO  : The hardware specification for project 'design_1_wrapper_hw_platform_0' is different from C:/Users/jon/ECE532/video_in_with_tracking/project_tracking/project_tracking.sdk/design_1_wrapper.hdf.
22:32:04 INFO  : Copied contents of C:/Users/jon/ECE532/video_in_with_tracking/project_tracking/project_tracking.sdk/design_1_wrapper.hdf into \design_1_wrapper_hw_platform_0\system.hdf.
22:32:05 INFO  : Synchronizing projects in the workspace with the hardware platform specification changes.
22:32:11 INFO  : 
22:32:12 INFO  : Updating hardware inferred compiler options for test.
22:32:12 INFO  : Clearing existing target manager status.
22:33:28 INFO  : Connected to target on host '127.0.0.1' and port '3121'.
22:33:33 INFO  : 'targets -set -filter {jtag_cable_name =~ "Digilent Nexys4DDR 210292646118A" && level==0} -index 0' command is executed.
22:33:36 INFO  : FPGA configured successfully with bitstream "C:/Users/jon/ECE532/video_in_with_tracking/project_tracking/project_tracking.sdk/design_1_wrapper_hw_platform_0/download.bit"
22:33:45 INFO  : Processor reset is completed for microblaze_0
22:35:04 INFO  : Processor reset is completed for microblaze_0
22:36:13 INFO  : Processor reset is completed for microblaze_0
22:38:59 INFO  : microblaze_0 Processor is in use. Please stop existing Run or Debug sessions before launching.
22:39:01 INFO  : Processor reset is completed for microblaze_0
22:39:08 INFO  : Processor reset is completed for microblaze_0
22:40:02 INFO  : Processor reset is completed for microblaze_0
22:41:03 INFO  : Processor reset is completed for microblaze_0
22:41:56 INFO  : Processor reset is completed for microblaze_0
22:42:22 INFO  : Processor reset is completed for microblaze_0
22:42:56 INFO  : Processor reset is completed for microblaze_0
22:45:47 INFO  : Processor reset is completed for microblaze_0
22:46:05 ERROR : Unexpected error while launching program.
java.lang.RuntimeException: Unknown Error Occured
    Target '0' Does NOT exist in the Current System


	at com.xilinx.sdk.targetmanager.internal.TM.doProcessorReset(TM.java:1011)
	at com.xilinx.sdk.debug.core.XilinxAppLaunchConfigurationDelegate.runTargetSetup(XilinxAppLaunchConfigurationDelegate.java:455)
	at com.xilinx.sdk.debug.core.XilinxAppLaunchConfigurationDelegate.runApplication(XilinxAppLaunchConfigurationDelegate.java:616)
	at com.xilinx.sdk.debug.core.XilinxAppLaunchConfigurationDelegate.launch(XilinxAppLaunchConfigurationDelegate.java:309)
	at com.xilinx.sdk.debug.ui.XilinxAppLaunchDelegateWrapper.launch(XilinxAppLaunchDelegateWrapper.java:31)
	at org.eclipse.debug.internal.core.LaunchConfiguration.launch(LaunchConfiguration.java:885)
	at org.eclipse.debug.internal.core.LaunchConfiguration.launch(LaunchConfiguration.java:739)
	at org.eclipse.debug.internal.ui.DebugUIPlugin.buildAndLaunch(DebugUIPlugin.java:1039)
	at org.eclipse.debug.internal.ui.DebugUIPlugin$8.run(DebugUIPlugin.java:1256)
	at org.eclipse.core.internal.jobs.Worker.run(Worker.java:55)
22:46:13 INFO  : Processor reset is completed for microblaze_0
23:01:29 INFO  : Processor reset is completed for microblaze_0
23:03:48 INFO  : Processor reset is completed for microblaze_0
09:38:14 ERROR : Unexpected error while parsing XMD response ?: com.google.gson.JsonSyntaxException: com.google.gson.stream.MalformedJsonException: invalid number or unquoted string near 
11:22:18 INFO  : Launching XSDB server: xsdb.bat -interactive C:\Users\jon\ECE532\video_in_with_tracking\project_tracking\project_tracking.sdk\temp_xsdb_launch_script.tcl
11:22:20 INFO  : XSDB server has started successfully.
11:22:22 INFO  : Processing command line option -hwspec C:/Users/jon/ECE532/video_in_with_tracking/project_tracking/project_tracking.sdk/design_1_wrapper.hdf.
11:22:22 INFO  : Checking for hwspec changes in the project design_1_wrapper_hw_platform_0.
11:22:45 INFO  : Connected to target on host '127.0.0.1' and port '3121'.
11:23:25 INFO  : Connected to target on host '127.0.0.1' and port '3121'.
11:23:25 INFO  : 'targets -set -filter {jtag_cable_name =~ "Digilent Nexys4DDR 210292646118A" && level==0} -index 0' command is executed.
11:23:27 INFO  : FPGA configured successfully with bitstream "C:/Users/jon/ECE532/video_in_with_tracking/project_tracking/project_tracking.sdk/design_1_wrapper_hw_platform_0/download.bit"
11:23:35 INFO  : Processor reset is completed for microblaze_0
11:25:29 INFO  : Processor reset is completed for microblaze_0
11:26:13 INFO  : Processor reset is completed for microblaze_0
11:28:54 INFO  : Processor reset is completed for microblaze_0
11:29:57 INFO  : Processor reset is completed for microblaze_0
11:31:39 INFO  : Processor reset is completed for microblaze_0
11:36:49 INFO  : Processor reset is completed for microblaze_0
11:44:15 INFO  : microblaze_0 Processor is in use. Please stop existing Run or Debug sessions before launching.
11:44:17 INFO  : Processor reset is completed for microblaze_0
11:55:38 INFO  : Processor reset is completed for microblaze_0
11:58:25 INFO  : Processor reset is completed for microblaze_0
12:04:11 INFO  : Processor reset is completed for microblaze_0
12:19:24 INFO  : Processor reset is completed for microblaze_0
12:29:19 INFO  : Processor reset is completed for microblaze_0
12:40:36 INFO  : Processor reset is completed for microblaze_0
12:45:39 INFO  : microblaze_0 Processor is in use. Please stop existing Run or Debug sessions before launching.
12:45:41 INFO  : Processor reset is completed for microblaze_0
12:46:41 INFO  : Processor reset is completed for microblaze_0
12:46:53 INFO  : microblaze_0 Processor is in use. Please stop existing Run or Debug sessions before launching.
12:46:55 INFO  : Processor reset is completed for microblaze_0
12:48:41 INFO  : Processor reset is completed for microblaze_0
12:49:29 INFO  : Processor reset is completed for microblaze_0
12:49:29 ERROR : Unexpected error while launching program.
java.lang.RuntimeException: Unknown Error Occured
    Target '0' Does NOT exist in the Current System


	at com.xilinx.sdk.targetmanager.internal.TM.downloadELF(TM.java:686)
	at com.xilinx.sdk.debug.core.internal.AppRunner.run(AppRunner.java:129)
	at com.xilinx.sdk.debug.core.XilinxAppLaunchConfigurationDelegate.runApplication(XilinxAppLaunchConfigurationDelegate.java:637)
	at com.xilinx.sdk.debug.core.XilinxAppLaunchConfigurationDelegate.launch(XilinxAppLaunchConfigurationDelegate.java:309)
	at com.xilinx.sdk.debug.ui.XilinxAppLaunchDelegateWrapper.launch(XilinxAppLaunchDelegateWrapper.java:31)
	at org.eclipse.debug.internal.core.LaunchConfiguration.launch(LaunchConfiguration.java:885)
	at org.eclipse.debug.internal.core.LaunchConfiguration.launch(LaunchConfiguration.java:739)
	at org.eclipse.debug.internal.ui.DebugUIPlugin.buildAndLaunch(DebugUIPlugin.java:1039)
	at org.eclipse.debug.internal.ui.DebugUIPlugin$8.run(DebugUIPlugin.java:1256)
	at org.eclipse.core.internal.jobs.Worker.run(Worker.java:55)
12:49:50 ERROR : Unexpected error while parsing XMD response ?: com.google.gson.JsonSyntaxException: com.google.gson.stream.MalformedJsonException: invalid number or unquoted string near 
12:50:20 INFO  : Launching XSDB server: xsdb.bat -interactive C:\Users\jon\ECE532\video_in_with_tracking\project_tracking\project_tracking.sdk\temp_xsdb_launch_script.tcl
12:50:23 INFO  : XSDB server has started successfully.
12:50:25 INFO  : Processing command line option -hwspec C:/Users/jon/ECE532/video_in_with_tracking/project_tracking/project_tracking.sdk/design_1_wrapper.hdf.
12:50:25 INFO  : Checking for hwspec changes in the project design_1_wrapper_hw_platform_0.
12:50:45 INFO  : Connected to target on host '127.0.0.1' and port '3121'.
12:50:50 INFO  : 'targets -set -filter {jtag_cable_name =~ "Digilent Nexys4DDR 210292646118A" && level==0} -index 0' command is executed.
12:50:52 INFO  : FPGA configured successfully with bitstream "C:/Users/jon/ECE532/video_in_with_tracking/project_tracking/project_tracking.sdk/design_1_wrapper_hw_platform_0/download.bit"
12:51:05 INFO  : Processor reset is completed for microblaze_0
13:03:35 INFO  : Connected to target on host '127.0.0.1' and port '3121'.
13:03:35 INFO  : 'targets -set -filter {jtag_cable_name =~ "Digilent Nexys4DDR 210292646118A" && level==0} -index 0' command is executed.
13:03:37 INFO  : FPGA configured successfully with bitstream "C:/Users/jon/ECE532/video_in_with_tracking/project_tracking/project_tracking.sdk/design_1_wrapper_hw_platform_0/download.bit"
13:09:03 INFO  : Processor reset is completed for microblaze_0
13:10:08 INFO  : microblaze_0 Processor is in use. Please stop existing Run or Debug sessions before launching.
13:10:09 INFO  : Processor reset is completed for microblaze_0
13:10:22 INFO  : microblaze_0 Processor is in use. Please stop existing Run or Debug sessions before launching.
13:10:23 INFO  : Processor reset is completed for microblaze_0
13:33:51 INFO  : microblaze_0 Processor is in use. Please stop existing Run or Debug sessions before launching.
13:33:52 INFO  : Processor reset is completed for microblaze_0
13:39:21 INFO  : Processor reset is completed for microblaze_0
13:43:46 INFO  : microblaze_0 Processor is in use. Please stop existing Run or Debug sessions before launching.
13:43:48 INFO  : Processor reset is completed for microblaze_0
13:46:23 INFO  : microblaze_0 Processor is in use. Please stop existing Run or Debug sessions before launching.
13:47:33 INFO  : Processor reset is completed for microblaze_0
13:49:48 INFO  : microblaze_0 Processor is in use. Please stop existing Run or Debug sessions before launching.
13:49:51 INFO  : Processor reset is completed for microblaze_0
13:52:29 INFO  : Connected to target on host '127.0.0.1' and port '3121'.
13:52:29 INFO  : 'targets -set -filter {jtag_cable_name =~ "Digilent Nexys4DDR 210292646118A" && level==0} -index 0' command is executed.
13:52:31 INFO  : FPGA configured successfully with bitstream "C:/Users/jon/ECE532/video_in_with_tracking/project_tracking/project_tracking.sdk/design_1_wrapper_hw_platform_0/download.bit"
13:52:37 INFO  : Processor reset is completed for microblaze_0
14:02:36 INFO  : Processor reset is completed for microblaze_0
14:14:06 INFO  : Processor reset is completed for microblaze_0
14:25:23 INFO  : Connected to target on host '127.0.0.1' and port '3121'.
14:25:23 INFO  : 'targets -set -filter {jtag_cable_name =~ "Digilent Nexys4DDR 210292646118A" && level==0} -index 0' command is executed.
14:25:25 INFO  : FPGA configured successfully with bitstream "C:/Users/jon/ECE532/video_in_with_tracking/project_tracking/project_tracking.sdk/design_1_wrapper_hw_platform_0/download.bit"
14:25:32 INFO  : Processor reset is completed for microblaze_0
14:40:18 ERROR : Unexpected error while parsing XMD response ?: com.google.gson.JsonSyntaxException: com.google.gson.stream.MalformedJsonException: invalid number or unquoted string near 
22:24:03 INFO  : Launching XSDB server: xsdb.bat -interactive C:\Users\jon\ECE532\video_in_with_tracking\project_tracking\project_tracking.sdk\temp_xsdb_launch_script.tcl
22:24:07 INFO  : XSDB server has started successfully.
22:24:12 INFO  : Processing command line option -hwspec C:/Users/jon/ECE532/video_in_with_tracking/project_tracking/project_tracking.sdk/design_1_wrapper.hdf.
22:24:12 INFO  : Checking for hwspec changes in the project design_1_wrapper_hw_platform_0.
15:44:46 INFO  : Launching XSDB server: xsdb.bat -interactive C:\Users\jon\ECE532\video_in_with_tracking\project_tracking\project_tracking.sdk\temp_xsdb_launch_script.tcl
15:44:48 INFO  : XSDB server has started successfully.
15:44:50 INFO  : Processing command line option -hwspec C:/Users/jon/ECE532/video_in_with_tracking/project_tracking/project_tracking.sdk/design_1_wrapper.hdf.
15:44:50 INFO  : Checking for hwspec changes in the project design_1_wrapper_hw_platform_0.
17:28:53 INFO  : Launching XSDB server: xsdb.bat -interactive C:\Users\jon\ECE532\video_in_with_tracking\project_tracking\project_tracking.sdk\temp_xsdb_launch_script.tcl
17:28:58 INFO  : XSDB server has started successfully.
17:29:03 INFO  : Processing command line option -hwspec C:/Users/jon/ECE532/video_in_with_tracking/project_tracking/project_tracking.sdk/design_1_wrapper.hdf.
17:29:03 INFO  : Checking for hwspec changes in the project design_1_wrapper_hw_platform_0.
18:00:38 INFO  : Launching XSDB server: xsdb.bat -interactive C:\Users\jon\ECE532\video_in_with_tracking\project_tracking\project_tracking.sdk\temp_xsdb_launch_script.tcl
18:00:41 INFO  : XSDB server has started successfully.
18:00:42 INFO  : Processing command line option -hwspec C:/Users/jon/ECE532/video_in_with_tracking/project_tracking/project_tracking.sdk/design_1_wrapper.hdf.
18:00:43 INFO  : Checking for hwspec changes in the project design_1_wrapper_hw_platform_0.
18:00:43 INFO  : SDK has detected change in the last modified timestamps for source hardware specification file Source:1490219985262,  Project:1489717749691
18:00:43 INFO  : The hardware specification for project 'design_1_wrapper_hw_platform_0' is different from C:/Users/jon/ECE532/video_in_with_tracking/project_tracking/project_tracking.sdk/design_1_wrapper.hdf.
18:00:43 INFO  : Copied contents of C:/Users/jon/ECE532/video_in_with_tracking/project_tracking/project_tracking.sdk/design_1_wrapper.hdf into \design_1_wrapper_hw_platform_0\system.hdf.
18:00:44 INFO  : Synchronizing projects in the workspace with the hardware platform specification changes.
18:00:50 INFO  : 
18:00:51 INFO  : Updating hardware inferred compiler options for test.
18:00:51 INFO  : Clearing existing target manager status.
18:07:13 INFO  : Connected to target on host '127.0.0.1' and port '3121'.
18:07:14 INFO  : 'targets -set -filter {jtag_cable_name =~ "Digilent Nexys4DDR 210292646118A" && level==0} -index 0' command is executed.
18:07:16 INFO  : FPGA configured successfully with bitstream "C:/Users/jon/ECE532/video_in_with_tracking/project_tracking/project_tracking.sdk/design_1_wrapper_hw_platform_0/download.bit"
18:08:14 INFO  : Processor reset is completed for microblaze_0
18:11:12 INFO  : Processor reset is completed for microblaze_0
18:11:22 INFO  : microblaze_0 Processor is in use. Please stop existing Run or Debug sessions before launching.
18:11:24 INFO  : Processor reset is completed for microblaze_0
18:12:03 INFO  : microblaze_0 Processor is in use. Please stop existing Run or Debug sessions before launching.
18:12:04 INFO  : Processor reset is completed for microblaze_0
18:13:19 INFO  : Processor reset is completed for microblaze_0
18:15:27 INFO  : Processor reset is completed for microblaze_0
18:16:57 INFO  : Processor reset is completed for microblaze_0
18:19:48 INFO  : Processor reset is completed for microblaze_0
21:24:43 INFO  : Connected to target on host '127.0.0.1' and port '3121'.
21:25:27 INFO  : Connected to target on host '127.0.0.1' and port '3121'.
21:26:19 INFO  : Connected to target on host '127.0.0.1' and port '3121'.
21:26:19 INFO  : 'targets -set -filter {jtag_cable_name =~ "Digilent Nexys4DDR 210292646118A" && level==0} -index 0' command is executed.
21:26:21 INFO  : FPGA configured successfully with bitstream "C:/Users/jon/ECE532/video_in_with_tracking/project_tracking/project_tracking.sdk/design_1_wrapper_hw_platform_0/download.bit"
21:26:26 INFO  : Processor reset is completed for microblaze_0
21:29:14 INFO  : Processor reset is completed for microblaze_0
21:29:18 INFO  : microblaze_0 Processor is in use. Please stop existing Run or Debug sessions before launching.
21:29:20 INFO  : Processor reset is completed for microblaze_0
21:33:17 INFO  : Connected to target on host '127.0.0.1' and port '3121'.
21:33:18 INFO  : 'targets -set -filter {jtag_cable_name =~ "Digilent Nexys4DDR 210292646118A" && level==0} -index 0' command is executed.
21:33:20 INFO  : FPGA configured successfully with bitstream "C:/Users/jon/ECE532/video_in_with_tracking/project_tracking/project_tracking.sdk/design_1_wrapper_hw_platform_0/download.bit"
21:33:33 INFO  : Processor reset is completed for microblaze_0
21:35:02 INFO  : Processor reset is completed for microblaze_0
21:35:58 INFO  : Processor reset is completed for microblaze_0
21:40:57 INFO  : Processor reset is completed for microblaze_0
21:43:13 INFO  : microblaze_0 Processor is in use. Please stop existing Run or Debug sessions before launching.
21:43:18 INFO  : Processor reset is completed for microblaze_0
21:43:20 ERROR : Port COM4 is already in use.
21:43:30 INFO  : Processor reset is completed for microblaze_0
21:43:32 ERROR : Port COM4 is already in use.
21:44:03 INFO  : Connected to target on host '127.0.0.1' and port '3121'.
21:44:04 INFO  : 'targets -set -filter {jtag_cable_name =~ "Digilent Nexys4DDR 210292646118A" && level==0} -index 0' command is executed.
21:44:06 INFO  : FPGA configured successfully with bitstream "C:/Users/jon/ECE532/video_in_with_tracking/project_tracking/project_tracking.sdk/design_1_wrapper_hw_platform_0/download.bit"
21:44:11 INFO  : Processor reset is completed for microblaze_0
21:50:19 INFO  : Processor reset is completed for microblaze_0
21:51:09 INFO  : Processor reset is completed for microblaze_0
22:18:21 ERROR : Unexpected error while parsing XMD response ?: com.google.gson.JsonSyntaxException: com.google.gson.stream.MalformedJsonException: invalid number or unquoted string near 
22:50:58 INFO  : Launching XSDB server: xsdb.bat -interactive C:\Users\jon\ECE532\video_in_with_tracking\project_tracking\project_tracking.sdk\temp_xsdb_launch_script.tcl
22:51:02 INFO  : XSDB server has started successfully.
22:51:04 INFO  : Processing command line option -hwspec C:/Users/jon/ECE532/video_in_with_tracking/project_tracking/project_tracking.sdk/design_1_wrapper.hdf.
22:51:04 INFO  : Checking for hwspec changes in the project design_1_wrapper_hw_platform_0.
22:51:05 INFO  : SDK has detected change in the last modified timestamps for source hardware specification file Source:1490237244120,  Project:1490219985262
22:51:05 INFO  : The hardware specification for project 'design_1_wrapper_hw_platform_0' is different from C:/Users/jon/ECE532/video_in_with_tracking/project_tracking/project_tracking.sdk/design_1_wrapper.hdf.
22:51:05 INFO  : Copied contents of C:/Users/jon/ECE532/video_in_with_tracking/project_tracking/project_tracking.sdk/design_1_wrapper.hdf into \design_1_wrapper_hw_platform_0\system.hdf.
22:51:05 INFO  : Synchronizing projects in the workspace with the hardware platform specification changes.
22:51:12 INFO  : 
22:51:13 INFO  : Updating hardware inferred compiler options for test.
22:51:13 INFO  : Clearing existing target manager status.
22:51:50 INFO  : Connected to target on host '127.0.0.1' and port '3121'.
22:51:52 INFO  : 'targets -set -filter {jtag_cable_name =~ "Digilent Nexys4DDR 210292646118A" && level==0} -index 0' command is executed.
22:51:54 INFO  : FPGA configured successfully with bitstream "C:/Users/jon/ECE532/video_in_with_tracking/project_tracking/project_tracking.sdk/design_1_wrapper_hw_platform_0/download.bit"
22:52:01 INFO  : Processor reset is completed for microblaze_0
22:53:59 INFO  : Connected to target on host '127.0.0.1' and port '3121'.
22:53:59 INFO  : 'targets -set -filter {jtag_cable_name =~ "Digilent Nexys4DDR 210292646118A" && level==0} -index 0' command is executed.
22:54:02 INFO  : FPGA configured successfully with bitstream "C:/Users/jon/ECE532/video_in_with_tracking/project_tracking/project_tracking.sdk/design_1_wrapper_hw_platform_0/download.bit"
22:54:06 INFO  : Processor reset is completed for microblaze_0
22:54:08 ERROR : Port COM4 is already in use.
22:54:47 INFO  : Connected to target on host '127.0.0.1' and port '3121'.
22:54:47 INFO  : 'targets -set -filter {jtag_cable_name =~ "Digilent Nexys4DDR 210292646118A" && level==0} -index 0' command is executed.
22:54:49 INFO  : FPGA configured successfully with bitstream "C:/Users/jon/ECE532/video_in_with_tracking/project_tracking/project_tracking.sdk/design_1_wrapper_hw_platform_0/download.bit"
22:54:56 INFO  : Processor reset is completed for microblaze_0
22:59:06 INFO  : microblaze_0 Processor is in use. Please stop existing Run or Debug sessions before launching.
22:59:14 INFO  : microblaze_0 Processor is in use. Please stop existing Run or Debug sessions before launching.
22:59:16 INFO  : Processor reset is completed for microblaze_0
23:04:27 INFO  : Processor reset is completed for microblaze_0
23:48:26 ERROR : Unexpected error while parsing XMD response ?: com.google.gson.JsonSyntaxException: com.google.gson.stream.MalformedJsonException: invalid number or unquoted string near 
23:49:01 INFO  : Launching XSDB server: xsdb.bat -interactive C:\Users\jon\ECE532\video_in_with_tracking\project_tracking\project_tracking.sdk\temp_xsdb_launch_script.tcl
23:49:05 INFO  : XSDB server has started successfully.
23:49:07 INFO  : Processing command line option -hwspec C:/Users/jon/ECE532/video_in_with_tracking/project_tracking/project_tracking.sdk/design_1_wrapper.hdf.
23:49:07 INFO  : Checking for hwspec changes in the project design_1_wrapper_hw_platform_0.
23:49:07 INFO  : SDK has detected change in the last modified timestamps for source hardware specification file Source:1490240893205,  Project:1490237244120
23:49:07 INFO  : The hardware specification for project 'design_1_wrapper_hw_platform_0' is different from C:/Users/jon/ECE532/video_in_with_tracking/project_tracking/project_tracking.sdk/design_1_wrapper.hdf.
23:49:07 INFO  : Copied contents of C:/Users/jon/ECE532/video_in_with_tracking/project_tracking/project_tracking.sdk/design_1_wrapper.hdf into \design_1_wrapper_hw_platform_0\system.hdf.
23:49:08 INFO  : Synchronizing projects in the workspace with the hardware platform specification changes.
23:49:14 INFO  : 
23:49:15 INFO  : Updating hardware inferred compiler options for test.
23:49:15 INFO  : Clearing existing target manager status.
23:49:46 INFO  : Connected to target on host '127.0.0.1' and port '3121'.
23:50:43 INFO  : Connected to target on host '127.0.0.1' and port '3121'.
23:50:44 INFO  : 'targets -set -filter {jtag_cable_name =~ "Digilent Nexys4DDR 210292646118A" && level==0} -index 0' command is executed.
23:50:47 INFO  : FPGA configured successfully with bitstream "C:/Users/jon/ECE532/video_in_with_tracking/project_tracking/project_tracking.sdk/design_1_wrapper_hw_platform_0/download.bit"
23:51:06 INFO  : Processor reset is completed for microblaze_0
23:51:45 INFO  : Processor reset is completed for microblaze_0
23:52:16 INFO  : Processor reset is completed for microblaze_0
23:53:08 INFO  : microblaze_0 Processor is in use. Please stop existing Run or Debug sessions before launching.
23:53:09 INFO  : Processor reset is completed for microblaze_0
23:55:45 INFO  : Connected to target on host '127.0.0.1' and port '3121'.
23:55:45 INFO  : 'targets -set -filter {jtag_cable_name =~ "Digilent Nexys4DDR 210292646118A" && level==0} -index 0' command is executed.
23:55:47 INFO  : FPGA configured successfully with bitstream "C:/Users/jon/ECE532/video_in_with_tracking/project_tracking/project_tracking.sdk/design_1_wrapper_hw_platform_0/download.bit"
23:55:52 INFO  : microblaze_0 Processor is in use. Please stop existing Run or Debug sessions before launching.
23:55:53 INFO  : Processor reset is completed for microblaze_0
23:59:20 INFO  : Processor reset is completed for microblaze_0
00:00:43 INFO  : Processor reset is completed for microblaze_0
00:01:05 INFO  : Processor reset is completed for microblaze_0
00:05:42 INFO  : Processor reset is completed for microblaze_0
00:07:23 INFO  : Processor reset is completed for microblaze_0
00:08:20 INFO  : Connected to target on host '127.0.0.1' and port '3121'.
00:08:20 INFO  : 'targets -set -filter {jtag_cable_name =~ "Digilent Nexys4DDR 210292646118A" && level==0} -index 0' command is executed.
00:08:22 INFO  : FPGA configured successfully with bitstream "C:/Users/jon/ECE532/video_in_with_tracking/project_tracking/project_tracking.sdk/design_1_wrapper_hw_platform_0/download.bit"
00:08:28 INFO  : Processor reset is completed for microblaze_0
00:09:49 INFO  : Processor reset is completed for microblaze_0
00:10:13 ERROR : Unexpected error while parsing XMD response ?: com.google.gson.JsonSyntaxException: com.google.gson.stream.MalformedJsonException: invalid number or unquoted string near 
00:10:47 INFO  : Launching XSDB server: xsdb.bat -interactive C:\Users\jon\ECE532\video_in_with_tracking\project_tracking\project_tracking.sdk\temp_xsdb_launch_script.tcl
00:10:50 INFO  : XSDB server has started successfully.
00:10:52 INFO  : Processing command line option -hwspec C:/Users/jon/ECE532/video_in_with_tracking/project_tracking/project_tracking.sdk/design_1_wrapper.hdf.
00:10:52 INFO  : Checking for hwspec changes in the project design_1_wrapper_hw_platform_0.
00:11:24 INFO  : Connected to target on host '127.0.0.1' and port '3121'.
00:11:29 INFO  : 'targets -set -filter {jtag_cable_name =~ "Digilent Nexys4DDR 210292646118A" && level==0} -index 0' command is executed.
00:11:32 INFO  : FPGA configured successfully with bitstream "C:/Users/jon/ECE532/video_in_with_tracking/project_tracking/project_tracking.sdk/design_1_wrapper_hw_platform_0/download.bit"
00:11:39 INFO  : Processor reset is completed for microblaze_0
00:12:50 INFO  : Processor reset is completed for microblaze_0
00:13:19 INFO  : Processor reset is completed for microblaze_0
00:14:04 INFO  : microblaze_0 Processor is in use. Please stop existing Run or Debug sessions before launching.
00:14:05 INFO  : Processor reset is completed for microblaze_0
00:14:17 INFO  : microblaze_0 Processor is in use. Please stop existing Run or Debug sessions before launching.
00:14:17 INFO  : Processor reset is completed for microblaze_0
00:14:36 INFO  : microblaze_0 Processor is in use. Please stop existing Run or Debug sessions before launching.
00:14:43 INFO  : microblaze_0 Processor is in use. Please stop existing Run or Debug sessions before launching.
00:14:44 INFO  : Processor reset is completed for microblaze_0
00:15:13 INFO  : microblaze_0 Processor is in use. Please stop existing Run or Debug sessions before launching.
00:15:14 INFO  : Processor reset is completed for microblaze_0
00:15:30 INFO  : Processor reset is completed for microblaze_0
00:17:09 INFO  : microblaze_0 Processor is in use. Please stop existing Run or Debug sessions before launching.
00:17:10 INFO  : Processor reset is completed for microblaze_0
00:19:19 INFO  : microblaze_0 Processor is in use. Please stop existing Run or Debug sessions before launching.
00:19:21 INFO  : Processor reset is completed for microblaze_0
00:19:44 INFO  : microblaze_0 Processor is in use. Please stop existing Run or Debug sessions before launching.
00:19:45 INFO  : Processor reset is completed for microblaze_0
00:27:55 ERROR : Unexpected error while parsing XMD response ?: com.google.gson.JsonSyntaxException: com.google.gson.stream.MalformedJsonException: invalid number or unquoted string near 
00:59:13 INFO  : Launching XSDB server: xsdb.bat -interactive C:\Users\jon\ECE532\video_in_with_tracking\project_tracking\project_tracking.sdk\temp_xsdb_launch_script.tcl
00:59:15 INFO  : XSDB server has started successfully.
00:59:18 INFO  : Processing command line option -hwspec C:/Users/jon/ECE532/video_in_with_tracking/project_tracking/project_tracking.sdk/design_1_wrapper.hdf.
00:59:18 INFO  : Checking for hwspec changes in the project design_1_wrapper_hw_platform_0.
00:59:18 INFO  : SDK has detected change in the last modified timestamps for source hardware specification file Source:1490245100030,  Project:1490240893205
00:59:18 INFO  : The hardware specification for project 'design_1_wrapper_hw_platform_0' is different from C:/Users/jon/ECE532/video_in_with_tracking/project_tracking/project_tracking.sdk/design_1_wrapper.hdf.
00:59:18 INFO  : Copied contents of C:/Users/jon/ECE532/video_in_with_tracking/project_tracking/project_tracking.sdk/design_1_wrapper.hdf into \design_1_wrapper_hw_platform_0\system.hdf.
00:59:19 INFO  : Synchronizing projects in the workspace with the hardware platform specification changes.
00:59:25 INFO  : 
00:59:26 INFO  : Updating hardware inferred compiler options for test.
00:59:27 INFO  : Clearing existing target manager status.
01:00:43 INFO  : Connected to target on host '127.0.0.1' and port '3121'.
01:00:45 INFO  : 'targets -set -filter {jtag_cable_name =~ "Digilent Nexys4DDR 210292646118A" && level==0} -index 0' command is executed.
01:00:47 INFO  : FPGA configured successfully with bitstream "C:/Users/jon/ECE532/video_in_with_tracking/project_tracking/project_tracking.sdk/design_1_wrapper_hw_platform_0/download.bit"
01:00:55 INFO  : Processor reset is completed for microblaze_0
01:03:13 INFO  : Processor reset is completed for microblaze_0
01:06:43 INFO  : Processor reset is completed for microblaze_0
01:07:15 INFO  : Processor reset is completed for microblaze_0
01:09:50 ERROR : Unexpected error while parsing XMD response ?: com.google.gson.JsonSyntaxException: com.google.gson.stream.MalformedJsonException: invalid number or unquoted string near 
01:48:54 INFO  : Launching XSDB server: xsdb.bat -interactive C:\Users\jon\ECE532\video_in_with_tracking\project_tracking\project_tracking.sdk\temp_xsdb_launch_script.tcl
01:48:57 INFO  : XSDB server has started successfully.
01:48:59 INFO  : Processing command line option -hwspec C:/Users/jon/ECE532/video_in_with_tracking/project_tracking/project_tracking.sdk/design_1_wrapper.hdf.
01:48:59 INFO  : Checking for hwspec changes in the project design_1_wrapper_hw_platform_0.
01:49:00 INFO  : SDK has detected change in the last modified timestamps for source hardware specification file Source:1490248045038,  Project:1490245100030
01:49:00 INFO  : The hardware specification for project 'design_1_wrapper_hw_platform_0' is different from C:/Users/jon/ECE532/video_in_with_tracking/project_tracking/project_tracking.sdk/design_1_wrapper.hdf.
01:49:00 INFO  : Copied contents of C:/Users/jon/ECE532/video_in_with_tracking/project_tracking/project_tracking.sdk/design_1_wrapper.hdf into \design_1_wrapper_hw_platform_0\system.hdf.
01:49:01 INFO  : Synchronizing projects in the workspace with the hardware platform specification changes.
01:49:07 INFO  : 
01:49:08 INFO  : Updating hardware inferred compiler options for test.
01:49:08 INFO  : Clearing existing target manager status.
01:49:59 INFO  : Connected to target on host '127.0.0.1' and port '3121'.
01:50:00 INFO  : 'targets -set -filter {jtag_cable_name =~ "Digilent Nexys4DDR 210292646118A" && level==0} -index 0' command is executed.
01:50:03 INFO  : FPGA configured successfully with bitstream "C:/Users/jon/ECE532/video_in_with_tracking/project_tracking/project_tracking.sdk/design_1_wrapper_hw_platform_0/download.bit"
01:50:10 INFO  : Processor reset is completed for microblaze_0
01:51:26 ERROR : Unexpected error while parsing XMD response ?: com.google.gson.JsonSyntaxException: com.google.gson.stream.MalformedJsonException: invalid number or unquoted string near 
14:15:24 INFO  : Launching XSDB server: xsdb.bat -interactive C:\Users\jon\ECE532\video_in_with_tracking\project_tracking\project_tracking.sdk\temp_xsdb_launch_script.tcl
14:15:26 INFO  : XSDB server has started successfully.
14:15:28 INFO  : Processing command line option -hwspec C:/Users/jon/ECE532/video_in_with_tracking/project_tracking/project_tracking.sdk/design_1_wrapper.hdf.
14:15:28 INFO  : Checking for hwspec changes in the project design_1_wrapper_hw_platform_0.
14:15:29 INFO  : SDK has detected change in the last modified timestamps for source hardware specification file Source:1490250817409,  Project:1490248045038
14:15:29 INFO  : The hardware specification for project 'design_1_wrapper_hw_platform_0' is different from C:/Users/jon/ECE532/video_in_with_tracking/project_tracking/project_tracking.sdk/design_1_wrapper.hdf.
14:15:29 INFO  : Copied contents of C:/Users/jon/ECE532/video_in_with_tracking/project_tracking/project_tracking.sdk/design_1_wrapper.hdf into \design_1_wrapper_hw_platform_0\system.hdf.
14:15:30 INFO  : Synchronizing projects in the workspace with the hardware platform specification changes.
14:15:36 INFO  : 
14:15:38 INFO  : Updating hardware inferred compiler options for test.
14:15:38 INFO  : Clearing existing target manager status.
14:16:16 INFO  : Connected to target on host '127.0.0.1' and port '3121'.
14:16:18 INFO  : 'targets -set -filter {jtag_cable_name =~ "Digilent Nexys4DDR 210292646118A" && level==0} -index 0' command is executed.
14:16:20 INFO  : FPGA configured successfully with bitstream "C:/Users/jon/ECE532/video_in_with_tracking/project_tracking/project_tracking.sdk/design_1_wrapper_hw_platform_0/download.bit"
14:16:31 INFO  : Processor reset is completed for microblaze_0
14:17:15 INFO  : Processor reset is completed for microblaze_0
14:21:46 ERROR : Unexpected error while parsing XMD response ?: com.google.gson.JsonSyntaxException: com.google.gson.stream.MalformedJsonException: invalid number or unquoted string near 
15:00:13 INFO  : Launching XSDB server: xsdb.bat -interactive C:\Users\jon\ECE532\video_in_with_tracking\project_tracking\project_tracking.sdk\temp_xsdb_launch_script.tcl
15:00:17 INFO  : XSDB server has started successfully.
15:00:18 INFO  : Processing command line option -hwspec C:/Users/jon/ECE532/video_in_with_tracking/project_tracking/project_tracking.sdk/design_1_wrapper.hdf.
15:00:19 INFO  : Checking for hwspec changes in the project design_1_wrapper_hw_platform_0.
15:00:19 INFO  : SDK has detected change in the last modified timestamps for source hardware specification file Source:1490295572075,  Project:1490250817409
15:00:19 INFO  : The hardware specification for project 'design_1_wrapper_hw_platform_0' is different from C:/Users/jon/ECE532/video_in_with_tracking/project_tracking/project_tracking.sdk/design_1_wrapper.hdf.
15:00:19 INFO  : Copied contents of C:/Users/jon/ECE532/video_in_with_tracking/project_tracking/project_tracking.sdk/design_1_wrapper.hdf into \design_1_wrapper_hw_platform_0\system.hdf.
15:00:20 INFO  : Synchronizing projects in the workspace with the hardware platform specification changes.
15:00:26 INFO  : 
15:00:27 INFO  : Updating hardware inferred compiler options for test.
15:00:27 INFO  : Clearing existing target manager status.
15:01:32 INFO  : Connected to target on host '127.0.0.1' and port '3121'.
15:01:38 INFO  : 'targets -set -filter {jtag_cable_name =~ "Digilent Nexys4DDR 210292646118A" && level==0} -index 0' command is executed.
15:01:40 INFO  : FPGA configured successfully with bitstream "C:/Users/jon/ECE532/video_in_with_tracking/project_tracking/project_tracking.sdk/design_1_wrapper_hw_platform_0/download.bit"
15:01:48 INFO  : Processor reset is completed for microblaze_0
15:25:25 INFO  : microblaze_0 Processor is in use. Please stop existing Run or Debug sessions before launching.
15:25:28 INFO  : Processor reset is completed for microblaze_0
15:50:49 INFO  : Processor reset is completed for microblaze_0
16:06:16 ERROR : Checking FPGA configuration failed..Connection to Board Failed


    Unknown Error Occured
    Cable is not powered-on

16:06:16 ERROR : Unexpected error while launching program.
com.xilinx.sdk.targetmanager.TMException: Connection to Board Failed


    Unknown Error Occured
    Cable is not powered-on

	at com.xilinx.sdk.targetmanager.internal.TM.isFPGAConfigured(TM.java:374)
	at com.xilinx.sdk.debug.core.XilinxAppLaunchConfigurationDelegate.isFpgaConfigured(XilinxAppLaunchConfigurationDelegate.java:409)
	at com.xilinx.sdk.debug.core.XilinxAppLaunchConfigurationDelegate.launch(XilinxAppLaunchConfigurationDelegate.java:303)
	at com.xilinx.sdk.debug.ui.XilinxAppLaunchDelegateWrapper.launch(XilinxAppLaunchDelegateWrapper.java:31)
	at org.eclipse.debug.internal.core.LaunchConfiguration.launch(LaunchConfiguration.java:885)
	at org.eclipse.debug.internal.core.LaunchConfiguration.launch(LaunchConfiguration.java:739)
	at org.eclipse.debug.internal.ui.DebugUIPlugin.buildAndLaunch(DebugUIPlugin.java:1039)
	at org.eclipse.debug.internal.ui.DebugUIPlugin$8.run(DebugUIPlugin.java:1256)
	at org.eclipse.core.internal.jobs.Worker.run(Worker.java:55)
16:06:31 ERROR : Checking FPGA configuration failed..Connection to Board Failed


    Unknown Error Occured
    Cable is not powered-on

16:06:31 ERROR : Unexpected error while launching program.
com.xilinx.sdk.targetmanager.TMException: Connection to Board Failed


    Unknown Error Occured
    Cable is not powered-on

	at com.xilinx.sdk.targetmanager.internal.TM.isFPGAConfigured(TM.java:374)
	at com.xilinx.sdk.debug.core.XilinxAppLaunchConfigurationDelegate.isFpgaConfigured(XilinxAppLaunchConfigurationDelegate.java:409)
	at com.xilinx.sdk.debug.core.XilinxAppLaunchConfigurationDelegate.launch(XilinxAppLaunchConfigurationDelegate.java:303)
	at com.xilinx.sdk.debug.ui.XilinxAppLaunchDelegateWrapper.launch(XilinxAppLaunchDelegateWrapper.java:31)
	at org.eclipse.debug.internal.core.LaunchConfiguration.launch(LaunchConfiguration.java:885)
	at org.eclipse.debug.internal.core.LaunchConfiguration.launch(LaunchConfiguration.java:739)
	at org.eclipse.debug.internal.ui.DebugUIPlugin.buildAndLaunch(DebugUIPlugin.java:1039)
	at org.eclipse.debug.internal.ui.DebugUIPlugin$8.run(DebugUIPlugin.java:1256)
	at org.eclipse.core.internal.jobs.Worker.run(Worker.java:55)
16:07:03 INFO  : Connected to target on host '127.0.0.1' and port '3121'.
16:07:34 INFO  : Connected to target on host '127.0.0.1' and port '3121'.
16:07:34 INFO  : 'targets -set -filter {jtag_cable_name =~ "Digilent Nexys4DDR 210292646118A" && level==0} -index 0' command is executed.
16:07:37 INFO  : FPGA configured successfully with bitstream "C:/Users/jon/ECE532/video_in_with_tracking/project_tracking/project_tracking.sdk/design_1_wrapper_hw_platform_0/download.bit"
16:07:52 INFO  : Processor reset is completed for microblaze_0
16:11:08 INFO  : Processor reset is completed for microblaze_0
16:11:34 INFO  : Processor reset is completed for microblaze_0
16:14:44 INFO  : microblaze_0 Processor is in use. Please stop existing Run or Debug sessions before launching.
16:14:45 INFO  : Processor reset is completed for microblaze_0
16:16:18 INFO  : Processor reset is completed for microblaze_0
16:16:57 INFO  : Processor reset is completed for microblaze_0
16:16:59 INFO  : Time out for XMD transaction is 60000
If you want to increase the timeout value, goto Windows-> Preferences -> Xilinx SDK -> XMD Startup
16:16:59 ERROR : Timeout occured while waiting to get reply for command "targets 0"
16:17:02 INFO  : Time out for XMD transaction is 60000
If you want to increase the timeout value, goto Windows-> Preferences -> Xilinx SDK -> XMD Startup
16:17:02 ERROR : Timeout occured while waiting to get reply for command "targets 0"
16:17:29 INFO  : Time out for XMD transaction is 60000
If you want to increase the timeout value, goto Windows-> Preferences -> Xilinx SDK -> XMD Startup
16:17:29 ERROR : Timeout occured while waiting to get reply for command "targets 0"
16:18:09 INFO  : Processor reset is completed for microblaze_0
16:18:52 INFO  : Processor reset is completed for microblaze_0
16:24:05 INFO  : Processor reset is completed for microblaze_0
16:24:35 INFO  : Processor reset is completed for microblaze_0
16:27:10 INFO  : microblaze_0 Processor is in use. Please stop existing Run or Debug sessions before launching.
16:27:12 INFO  : Processor reset is completed for microblaze_0
16:27:44 INFO  : Processor reset is completed for microblaze_0
16:28:30 INFO  : microblaze_0 Processor is in use. Please stop existing Run or Debug sessions before launching.
16:28:31 INFO  : Processor reset is completed for microblaze_0
16:31:34 INFO  : Processor reset is completed for microblaze_0
16:32:11 INFO  : microblaze_0 Processor is in use. Please stop existing Run or Debug sessions before launching.
16:32:13 INFO  : Processor reset is completed for microblaze_0
16:33:00 INFO  : Processor reset is completed for microblaze_0
16:33:00 ERROR : Unexpected error while launching program.
java.lang.RuntimeException: Unknown Error Occured
    Target '0' Does NOT exist in the Current System


	at com.xilinx.sdk.targetmanager.internal.TM.downloadELF(TM.java:686)
	at com.xilinx.sdk.debug.core.internal.AppRunner.run(AppRunner.java:129)
	at com.xilinx.sdk.debug.core.XilinxAppLaunchConfigurationDelegate.runApplication(XilinxAppLaunchConfigurationDelegate.java:637)
	at com.xilinx.sdk.debug.core.XilinxAppLaunchConfigurationDelegate.launch(XilinxAppLaunchConfigurationDelegate.java:309)
	at com.xilinx.sdk.debug.ui.XilinxAppLaunchDelegateWrapper.launch(XilinxAppLaunchDelegateWrapper.java:31)
	at org.eclipse.debug.internal.core.LaunchConfiguration.launch(LaunchConfiguration.java:885)
	at org.eclipse.debug.internal.core.LaunchConfiguration.launch(LaunchConfiguration.java:739)
	at org.eclipse.debug.internal.ui.DebugUIPlugin.buildAndLaunch(DebugUIPlugin.java:1039)
	at org.eclipse.debug.internal.ui.DebugUIPlugin$8.run(DebugUIPlugin.java:1256)
	at org.eclipse.core.internal.jobs.Worker.run(Worker.java:55)
16:33:48 ERROR : Unexpected error while parsing XMD response ?: com.google.gson.JsonSyntaxException: com.google.gson.stream.MalformedJsonException: invalid number or unquoted string near 
16:34:15 INFO  : Launching XSDB server: xsdb.bat -interactive C:\Users\jon\ECE532\video_in_with_tracking\project_tracking\project_tracking.sdk\temp_xsdb_launch_script.tcl
16:34:19 INFO  : XSDB server has started successfully.
16:34:20 INFO  : Processing command line option -hwspec C:/Users/jon/ECE532/video_in_with_tracking/project_tracking/project_tracking.sdk/design_1_wrapper.hdf.
16:34:21 INFO  : Checking for hwspec changes in the project design_1_wrapper_hw_platform_0.
16:34:45 INFO  : Connected to target on host '127.0.0.1' and port '3121'.
16:34:46 INFO  : 'targets -set -filter {jtag_cable_name =~ "Digilent Nexys4DDR 210292646118A" && level==0} -index 0' command is executed.
16:34:49 INFO  : FPGA configured successfully with bitstream "C:/Users/jon/ECE532/video_in_with_tracking/project_tracking/project_tracking.sdk/design_1_wrapper_hw_platform_0/download.bit"
16:35:02 INFO  : Processor reset is completed for microblaze_0
16:38:28 INFO  : Processor reset is completed for microblaze_0
16:39:33 INFO  : Processor reset is completed for microblaze_0
16:40:02 INFO  : Processor reset is completed for microblaze_0
16:41:06 INFO  : Processor reset is completed for microblaze_0
16:42:17 INFO  : Processor reset is completed for microblaze_0
16:44:43 INFO  : microblaze_0 Processor is in use. Please stop existing Run or Debug sessions before launching.
16:44:46 INFO  : Processor reset is completed for microblaze_0
16:45:03 INFO  : microblaze_0 Processor is in use. Please stop existing Run or Debug sessions before launching.
16:45:06 INFO  : Processor reset is completed for microblaze_0
16:45:16 INFO  : microblaze_0 Processor is in use. Please stop existing Run or Debug sessions before launching.
16:45:18 INFO  : Processor reset is completed for microblaze_0
16:45:55 INFO  : Processor reset is completed for microblaze_0
16:46:49 INFO  : Processor reset is completed for microblaze_0
16:47:50 INFO  : microblaze_0 Processor is in use. Please stop existing Run or Debug sessions before launching.
16:47:52 INFO  : Processor reset is completed for microblaze_0
16:59:58 INFO  : Processor reset is completed for microblaze_0
17:04:27 INFO  : Connected to target on host '127.0.0.1' and port '3121'.
17:04:28 INFO  : 'targets -set -filter {jtag_cable_name =~ "Digilent Nexys4DDR 210292646118A" && level==0} -index 0' command is executed.
17:04:30 INFO  : FPGA configured successfully with bitstream "C:/Users/jon/ECE532/video_in_with_tracking/project_tracking/project_tracking.sdk/design_1_wrapper_hw_platform_0/download.bit"
17:08:02 INFO  : Processor reset is completed for microblaze_0
17:18:22 INFO  : Processor reset is completed for microblaze_0
17:25:43 INFO  : Processor reset is completed for microblaze_0
17:34:39 INFO  : microblaze_0 Processor is in use. Please stop existing Run or Debug sessions before launching.
17:34:40 INFO  : Processor reset is completed for microblaze_0
17:36:57 INFO  : Processor reset is completed for microblaze_0
17:36:58 ERROR : Unexpected error while launching program.
java.lang.RuntimeException: Unknown Error Occured
    Target '0' Does NOT exist in the Current System


	at com.xilinx.sdk.targetmanager.internal.TM.downloadELF(TM.java:686)
	at com.xilinx.sdk.debug.core.internal.AppRunner.run(AppRunner.java:129)
	at com.xilinx.sdk.debug.core.XilinxAppLaunchConfigurationDelegate.runApplication(XilinxAppLaunchConfigurationDelegate.java:637)
	at com.xilinx.sdk.debug.core.XilinxAppLaunchConfigurationDelegate.launch(XilinxAppLaunchConfigurationDelegate.java:309)
	at com.xilinx.sdk.debug.ui.XilinxAppLaunchDelegateWrapper.launch(XilinxAppLaunchDelegateWrapper.java:31)
	at org.eclipse.debug.internal.core.LaunchConfiguration.launch(LaunchConfiguration.java:885)
	at org.eclipse.debug.internal.core.LaunchConfiguration.launch(LaunchConfiguration.java:739)
	at org.eclipse.debug.internal.ui.DebugUIPlugin.buildAndLaunch(DebugUIPlugin.java:1039)
	at org.eclipse.debug.internal.ui.DebugUIPlugin$8.run(DebugUIPlugin.java:1256)
	at org.eclipse.core.internal.jobs.Worker.run(Worker.java:55)
17:37:44 ERROR : Unexpected error while parsing XMD response ?: com.google.gson.JsonSyntaxException: com.google.gson.stream.MalformedJsonException: invalid number or unquoted string near 
17:38:10 INFO  : Launching XSDB server: xsdb.bat -interactive C:\Users\jon\ECE532\video_in_with_tracking\project_tracking\project_tracking.sdk\temp_xsdb_launch_script.tcl
17:38:14 INFO  : XSDB server has started successfully.
17:38:15 INFO  : Processing command line option -hwspec C:/Users/jon/ECE532/video_in_with_tracking/project_tracking/project_tracking.sdk/design_1_wrapper.hdf.
17:38:16 INFO  : Checking for hwspec changes in the project design_1_wrapper_hw_platform_0.
17:39:15 ERROR : Checking FPGA configuration failed..Connection to Board Failed


    Unknown Error Occured
    Cable is not connected to the host

17:39:15 ERROR : Unexpected error while launching program.
com.xilinx.sdk.targetmanager.TMException: Connection to Board Failed


    Unknown Error Occured
    Cable is not connected to the host

	at com.xilinx.sdk.targetmanager.internal.TM.isFPGAConfigured(TM.java:374)
	at com.xilinx.sdk.debug.core.XilinxAppLaunchConfigurationDelegate.isFpgaConfigured(XilinxAppLaunchConfigurationDelegate.java:409)
	at com.xilinx.sdk.debug.core.XilinxAppLaunchConfigurationDelegate.launch(XilinxAppLaunchConfigurationDelegate.java:303)
	at com.xilinx.sdk.debug.ui.XilinxAppLaunchDelegateWrapper.launch(XilinxAppLaunchDelegateWrapper.java:31)
	at org.eclipse.debug.internal.core.LaunchConfiguration.launch(LaunchConfiguration.java:885)
	at org.eclipse.debug.internal.core.LaunchConfiguration.launch(LaunchConfiguration.java:739)
	at org.eclipse.debug.internal.ui.DebugUIPlugin.buildAndLaunch(DebugUIPlugin.java:1039)
	at org.eclipse.debug.internal.ui.DebugUIPlugin$8.run(DebugUIPlugin.java:1256)
	at org.eclipse.core.internal.jobs.Worker.run(Worker.java:55)
17:39:49 INFO  : Connected to target on host '127.0.0.1' and port '3121'.
17:39:49 INFO  : 'targets -set -filter {jtag_cable_name =~ "Digilent Nexys4DDR 210292646118A" && level==0} -index 0' command is executed.
17:39:51 INFO  : FPGA configured successfully with bitstream "C:/Users/jon/ECE532/video_in_with_tracking/project_tracking/project_tracking.sdk/design_1_wrapper_hw_platform_0/download.bit"
17:40:09 INFO  : Processor reset is completed for microblaze_0
17:50:51 INFO  : microblaze_0 Processor is in use. Please stop existing Run or Debug sessions before launching.
17:50:53 INFO  : Processor reset is completed for microblaze_0
17:54:26 INFO  : microblaze_0 Processor is in use. Please stop existing Run or Debug sessions before launching.
17:54:27 INFO  : Processor reset is completed for microblaze_0
17:54:54 INFO  : Processor reset is completed for microblaze_0
17:54:54 ERROR : Unexpected error while launching program.
java.lang.RuntimeException: Unknown Error Occured
    Target '0' Does NOT exist in the Current System


	at com.xilinx.sdk.targetmanager.internal.TM.downloadELF(TM.java:686)
	at com.xilinx.sdk.debug.core.internal.AppRunner.run(AppRunner.java:129)
	at com.xilinx.sdk.debug.core.XilinxAppLaunchConfigurationDelegate.runApplication(XilinxAppLaunchConfigurationDelegate.java:637)
	at com.xilinx.sdk.debug.core.XilinxAppLaunchConfigurationDelegate.launch(XilinxAppLaunchConfigurationDelegate.java:309)
	at com.xilinx.sdk.debug.ui.XilinxAppLaunchDelegateWrapper.launch(XilinxAppLaunchDelegateWrapper.java:31)
	at org.eclipse.debug.internal.core.LaunchConfiguration.launch(LaunchConfiguration.java:885)
	at org.eclipse.debug.internal.core.LaunchConfiguration.launch(LaunchConfiguration.java:739)
	at org.eclipse.debug.internal.ui.DebugUIPlugin.buildAndLaunch(DebugUIPlugin.java:1039)
	at org.eclipse.debug.internal.ui.DebugUIPlugin$8.run(DebugUIPlugin.java:1256)
	at org.eclipse.core.internal.jobs.Worker.run(Worker.java:55)
17:58:13 ERROR : Unexpected error while parsing XMD response ?: com.google.gson.JsonSyntaxException: com.google.gson.stream.MalformedJsonException: invalid number or unquoted string near 
20:33:15 INFO  : Launching XSDB server: xsdb.bat -interactive C:\Users\jon\ECE532\video_in_with_tracking\project_tracking\project_tracking.sdk\temp_xsdb_launch_script.tcl
20:33:18 INFO  : XSDB server has started successfully.
20:33:19 INFO  : Processing command line option -hwspec C:/Users/jon/ECE532/video_in_with_tracking/project_tracking/project_tracking.sdk/design_1_wrapper.hdf.
20:33:19 INFO  : Checking for hwspec changes in the project design_1_wrapper_hw_platform_0.
20:37:56 INFO  : Connected to target on host '127.0.0.1' and port '3121'.
20:37:58 INFO  : 'targets -set -filter {jtag_cable_name =~ "Digilent Nexys4DDR 210292646118A" && level==0} -index 0' command is executed.
20:38:00 INFO  : FPGA configured successfully with bitstream "C:/Users/jon/ECE532/video_in_with_tracking/project_tracking/project_tracking.sdk/design_1_wrapper_hw_platform_0/download.bit"
20:38:44 INFO  : Processor reset is completed for microblaze_0
20:51:50 INFO  : Processor reset is completed for microblaze_0
20:58:24 INFO  : microblaze_0 Processor is in use. Please stop existing Run or Debug sessions before launching.
20:58:26 INFO  : Processor reset is completed for microblaze_0
20:58:43 INFO  : Processor reset is completed for microblaze_0
21:02:26 INFO  : Processor reset is completed for microblaze_0
21:04:09 INFO  : Processor reset is completed for microblaze_0
21:04:54 INFO  : Processor reset is completed for microblaze_0
21:06:24 INFO  : Processor reset is completed for microblaze_0
21:07:37 INFO  : Processor reset is completed for microblaze_0
21:08:00 INFO  : Processor reset is completed for microblaze_0
21:10:07 INFO  : microblaze_0 Processor is in use. Please stop existing Run or Debug sessions before launching.
21:10:09 INFO  : Processor reset is completed for microblaze_0
21:10:47 INFO  : Processor reset is completed for microblaze_0
21:11:24 INFO  : Processor reset is completed for microblaze_0
21:12:32 INFO  : microblaze_0 Processor is in use. Please stop existing Run or Debug sessions before launching.
21:12:34 INFO  : Processor reset is completed for microblaze_0
21:13:46 INFO  : Processor reset is completed for microblaze_0
21:14:13 INFO  : Processor reset is completed for microblaze_0
21:14:39 INFO  : Processor reset is completed for microblaze_0
21:26:42 INFO  : Processor reset is completed for microblaze_0
21:27:01 INFO  : Processor reset is completed for microblaze_0
21:27:59 INFO  : Processor reset is completed for microblaze_0
21:31:10 INFO  : Processor reset is completed for microblaze_0
21:32:12 INFO  : Processor reset is completed for microblaze_0
21:32:41 INFO  : Processor reset is completed for microblaze_0
21:34:53 INFO  : microblaze_0 Processor is in use. Please stop existing Run or Debug sessions before launching.
21:34:54 INFO  : Processor reset is completed for microblaze_0
21:36:08 INFO  : Processor reset is completed for microblaze_0
21:36:51 INFO  : microblaze_0 Processor is in use. Please stop existing Run or Debug sessions before launching.
21:36:53 INFO  : Processor reset is completed for microblaze_0
21:39:05 INFO  : microblaze_0 Processor is in use. Please stop existing Run or Debug sessions before launching.
21:39:07 INFO  : Processor reset is completed for microblaze_0
21:41:04 INFO  : Processor reset is completed for microblaze_0
21:43:37 INFO  : Processor reset is completed for microblaze_0
22:06:58 ERROR : Unexpected error while parsing XMD response ?: com.google.gson.JsonSyntaxException: com.google.gson.stream.MalformedJsonException: invalid number or unquoted string near 
