#-----------------------------------------------------------
# Vivado v2016.2 (64-bit)
# SW Build 1577090 on Thu Jun  2 16:32:40 MDT 2016
# IP Build 1577682 on Fri Jun  3 12:00:54 MDT 2016
# Start of session at: Mon Feb 27 15:37:04 2017
# Process ID: 1328
# Current directory: C:/Users/jon/ECE532/video_in_ip/ip_repo
# Command line: vivado.exe -gui_launcher_event rodinguilauncherevent9960 C:\Users\jon\ECE532\video_in_ip\ip_repo\edit_video_in_ip_v1_0.xpr
# Log file: C:/Users/jon/ECE532/video_in_ip/ip_repo/vivado.log
# Journal file: C:/Users/jon/ECE532/video_in_ip/ip_repo\vivado.jou
#-----------------------------------------------------------
start_gui
open_project C:/Users/jon/ECE532/video_in_ip/ip_repo/edit_video_in_ip_v1_0.xpr
Scanning sources...
Finished scanning sources
INFO: [IP_Flow 19-234] Refreshing IP repositories
INFO: [IP_Flow 19-1700] Loaded user IP repository 'c:/Users/jon/ECE532/video_in_ip/ip_repo/video_in_ip_1.0'.
INFO: [IP_Flow 19-2313] Loaded Vivado IP repository 'C:/Xilinx/Vivado/2016.2/data/ip'.
open_project: Time (s): cpu = 00:00:16 ; elapsed = 00:00:13 . Memory (MB): peak = 764.141 ; gain = 134.535
update_compile_order -fileset sources_1
exit
INFO: [Common 17-206] Exiting Vivado at Mon Feb 27 15:39:58 2017...
