#-----------------------------------------------------------
# Vivado v2016.2 (64-bit)
# SW Build 1577090 on Thu Jun  2 16:32:40 MDT 2016
# IP Build 1577682 on Fri Jun  3 12:00:54 MDT 2016
# Start of session at: Thu Mar 16 18:52:00 2017
# Process ID: 7300
# Current directory: C:/Users/jon/ECE532/video_in_ip/ip_repo
# Command line: vivado.exe -gui_launcher_event rodinguilauncherevent1284 C:\Users\jon\ECE532\video_in_ip\ip_repo\edit_video_in_ip_v1_0.xpr
# Log file: C:/Users/jon/ECE532/video_in_ip/ip_repo/vivado.log
# Journal file: C:/Users/jon/ECE532/video_in_ip/ip_repo\vivado.jou
#-----------------------------------------------------------
start_gui
open_project C:/Users/jon/ECE532/video_in_ip/ip_repo/edit_video_in_ip_v1_0.xpr
Scanning sources...
Finished scanning sources
INFO: [IP_Flow 19-234] Refreshing IP repositories
INFO: [IP_Flow 19-1700] Loaded user IP repository 'c:/Users/jon/ECE532/video_in_ip/ip_repo/video_in_ip_1.0'.
INFO: [IP_Flow 19-2313] Loaded Vivado IP repository 'C:/Xilinx/Vivado/2016.2/data/ip'.
open_project: Time (s): cpu = 00:00:11 ; elapsed = 00:00:10 . Memory (MB): peak = 768.148 ; gain = 127.758
update_compile_order -fileset sources_1
ipx::open_ipxact_file C:/Users/jon/ECE532/video_in_ip/ip_repo/video_in_ip_1.0/component.xml
WARNING: [IP_Flow 19-3833] Unreferenced file from the top module is not packaged: 'C:/Users/jon/ECE532/video_in_ip/ip_repo/video_in_ip_1.0/hdl/video_in_ip_v1_0_M00_AXIS.v'.
set_property core_revision 5 [ipx::current_core]
ipx::create_xgui_files [ipx::current_core]
ipx::update_checksums [ipx::current_core]
ipx::save_core [ipx::current_core]
update_ip_catalog -rebuild -repo_path c:/Users/jon/ECE532/video_in_ip/ip_repo/video_in_ip_1.0
INFO: [IP_Flow 19-725] Reloaded user IP repository 'c:/Users/jon/ECE532/video_in_ip/ip_repo/video_in_ip_1.0'
reset_run synth_1
launch_runs synth_1
INFO: [HDL 9-2216] Analyzing Verilog file "C:/Users/jon/ECE532/video_in_ip/ip_repo/video_in_ip_1.0/src/capture.v" into library work [C:/Users/jon/ECE532/video_in_ip/ip_repo/video_in_ip_1.0/src/capture.v:1]
[Thu Mar 16 18:54:33 2017] Launched synth_1...
Run output will be captured here: C:/Users/jon/ECE532/video_in_ip/ip_repo/edit_video_in_ip_v1_0.runs/synth_1/runme.log
launch_runs: Time (s): cpu = 00:00:02 ; elapsed = 00:00:34 . Memory (MB): peak = 799.227 ; gain = 6.531
exit
INFO: [Common 17-206] Exiting Vivado at Thu Mar 16 18:56:08 2017...
