#
# A fatal error has been detected by the Java Runtime Environment:
#
#  EXCEPTION_UNCAUGHT_CXX_EXCEPTION (0xe06d7363) at pc=0x00007ff8a5f37788, pid=1924, tid=9364
#
# JRE version: Java(TM) SE Runtime Environment (8.0_66-b18) (build 1.8.0_66-b18)
# Java VM: Java HotSpot(TM) 64-Bit Server VM (25.66-b18 mixed mode windows-amd64 compressed oops)
# Problematic frame:
# C  [KERNELBASE.dll+0x17788]
#
# Failed to write core dump. Minidumps are not enabled by default on client versions of Windows
#
# If you would like to submit a bug report, please visit:
#   http://bugreport.java.com/bugreport/crash.jsp
#

---------------  T H R E A D  ---------------

Current thread (0x00000000137f7000):  VMThread [stack: 0x0000000014270000,0x0000000014370000] [id=9364]

siginfo: ExceptionCode=0xe06d7363, ExceptionInformation=0x0000000019930520 0x000000001436f348 0x00007ff888802cb8 0x00007ff888750000 

Registers:
RAX=0x004c0044002e006c, RBX=0x00007ff888802cb8, RCX=0x000000000000004c, RDX=0x0000000000000000
RSP=0x000000001436f190, RBP=0x000000001436f2d0, RSI=0x00000000ffffffff, RDI=0x00000000240c52a0
R8 =0x0000000000000000, R9 =0x0000000000000000, R10=0x0000000000000000, R11=0x0000000000000000
R12=0x0000000000000001, R13=0x0000000000000008, R14=0x0000000000000000, R15=0xffffffffffffffff
RIP=0x00007ff8a5f37788, EFLAGS=0x0000000000000202

Top of Stack: (sp=0x000000001436f190)
0x000000001436f190:   0000000000000000 00007ff888802cb8
0x000000001436f1a0:   00000000ffffffff 00000000240c52a0
0x000000001436f1b0:   00000001e06d7363 0000000000000000
0x000000001436f1c0:   00007ff8a5f37788 0000000000000004
0x000000001436f1d0:   0000000019930520 000000001436f348
0x000000001436f1e0:   00007ff888802cb8 00007ff888750000
0x000000001436f1f0:   0000000000000008 0000000000000001
0x000000001436f200:   00000000240c52a0 00000000ffffffff
0x000000001436f210:   000000001436f2d0 00007ff8a97ec26f
0x000000001436f220:   000000001436f2e0 0000000000000000
0x000000001436f230:   00002d919864d7c1 0000000000000001
0x000000001436f240:   00007ff888819000 00007ff888750000
0x000000001436f250:   0000de26ba04adc8 000000000000003f
0x000000001436f260:   00007ff888802cb8 00007ff8887ae92c
0x000000001436f270:   000000000000001f 0000000000000008
0x000000001436f280:   0000000000000001 00000000240c52a0 

Instructions: (pc=0x00007ff8a5f37788)
0x00007ff8a5f37768:   49 8b d1 44 0f 47 c0 44 89 44 24 38 49 c1 e0 03
0x00007ff8a5f37778:   e8 07 55 06 00 48 8d 4c 24 20 ff 15 e0 08 13 00
0x00007ff8a5f37788:   48 8b 8c 24 c0 00 00 00 48 33 cc e8 98 1a 06 00
0x00007ff8a5f37798:   48 81 c4 d8 00 00 00 c3 83 64 24 38 00 eb d6 cc 


Register to memory mapping:

RAX=0x004c0044002e006c is an unknown value
RBX=0x00007ff888802cb8 is an unknown value
RCX=0x000000000000004c is an unknown value
RDX=0x0000000000000000 is an unknown value
RSP=0x000000001436f190 is an unknown value
RBP=0x000000001436f2d0 is an unknown value
RSI=0x00000000ffffffff is an unallocated location in the heap
RDI=0x00000000240c52a0 is an unknown value
R8 =0x0000000000000000 is an unknown value
R9 =0x0000000000000000 is an unknown value
R10=0x0000000000000000 is an unknown value
R11=0x0000000000000000 is an unknown value
R12=0x0000000000000001 is an unknown value
R13=0x0000000000000008 is an unknown value
R14=0x0000000000000000 is an unknown value
R15=0xffffffffffffffff is an unknown value


Stack: [0x0000000014270000,0x0000000014370000],  sp=0x000000001436f190,  free space=1020k
Native frames: (J=compiled Java code, j=interpreted, Vv=VM code, C=native code)
C  [KERNELBASE.dll+0x17788]
C  [MSVCR110.dll+0x5e92c]
C  [MSVCR110.dll+0x1315c]
C  [MSVCR110.dll+0x136a9]
C  [MSVCR110.dll+0x13e9c]
C  [MSVCR110.dll+0x239e]
C  [MSVCR110.dll+0xaf9e]
C  [MSVCP110.dll+0x397b9]
C  [librdi_common.dll+0x182316]
C  [librdi_common.dll+0x180fab]
C  0x00007ff89ed52400
C  0x00007ff89ed52682
C  [ntdll.dll+0x2a35f]
C  [ntdll.dll+0x806b]
C  [ntdll.dll+0x7d94]
C  [KERNEL32.DLL+0x1ce6a]
C  [MSVCR100.dll+0x20ccd]
V  [jvm.dll+0x210cc5]
V  [jvm.dll+0x249897]
V  [jvm.dll+0x248b36]
V  [jvm.dll+0x248fd1]
V  [jvm.dll+0x2491ee]
V  [jvm.dll+0x29a0fa]
C  [MSVCR100.dll+0x21d9f]
C  [MSVCR100.dll+0x21e3b]
C  [KERNEL32.DLL+0x8364]
C  [ntdll.dll+0x670d1]

VM_Operation (0x000000000014f4c0): Exit, mode: safepoint, requested by thread 0x00000000025de000


---------------  P R O C E S S  ---------------

Java Threads: ( => current thread )
  0x000000001c6b9800 JavaThread "pool-2-thread-10" [_thread_blocked, id=2500, stack(0x00000000599a0000,0x0000000059aa0000)]
  0x000000001c6bb000 JavaThread "pool-2-thread-9" [_thread_blocked, id=5980, stack(0x0000000050fd0000,0x00000000510d0000)]
  0x000000001c6b6800 JavaThread "pool-2-thread-8" [_thread_blocked, id=9540, stack(0x000000004efd0000,0x000000004f0d0000)]
  0x000000001c6ba000 JavaThread "pool-2-thread-7" [_thread_blocked, id=10184, stack(0x000000004b7d0000,0x000000004b8d0000)]
  0x0000000018c1a800 JavaThread "pool-2-thread-6" [_thread_blocked, id=4376, stack(0x0000000045cd0000,0x0000000045dd0000)]
  0x000000001c2af800 JavaThread "pool-2-thread-5" [_thread_blocked, id=5996, stack(0x00000000420d0000,0x00000000421d0000)]
  0x0000000018c10000 JavaThread "pool-2-thread-4" [_thread_blocked, id=6356, stack(0x0000000036ad0000,0x0000000036bd0000)]
  0x0000000018c0e800 JavaThread "pool-2-thread-3" [_thread_blocked, id=9308, stack(0x00000000351d0000,0x00000000352d0000)]
  0x000000001c2b7800 JavaThread "pool-2-thread-2" [_thread_blocked, id=8292, stack(0x0000000032dd0000,0x0000000032ed0000)]
  0x000000001c2a9000 JavaThread "pool-2-thread-1" [_thread_blocked, id=5260, stack(0x0000000027840000,0x0000000027940000)]
  0x000000001c2a8000 JavaThread "Thread-33" daemon [_thread_blocked, id=2624, stack(0x0000000027540000,0x0000000027640000)]
  0x0000000018c17800 JavaThread "TCF Channel Transmitter" daemon [_thread_blocked, id=8316, stack(0x0000000023a70000,0x0000000023b70000)]
  0x0000000018c1a000 JavaThread "TCF Channel Receiver" daemon [_thread_in_native, id=2836, stack(0x0000000023970000,0x0000000023a70000)]
  0x0000000018c12800 JavaThread "Process monitor" daemon [_thread_in_native, id=6096, stack(0x0000000022ca0000,0x0000000022da0000)]
  0x0000000018c11800 JavaThread "Input Stream Monitor" daemon [_thread_blocked, id=2936, stack(0x0000000022ba0000,0x0000000022ca0000)]
  0x0000000018c16000 JavaThread "Output Stream Monitor" daemon [_thread_in_native, id=3256, stack(0x0000000022aa0000,0x0000000022ba0000)]
  0x0000000018c15800 JavaThread "Output Stream Monitor" daemon [_thread_in_native, id=4192, stack(0x00000000229a0000,0x0000000022aa0000)]
  0x0000000018c0f000 JavaThread "TCF Locator DNS Lookup" daemon [_thread_blocked, id=7064, stack(0x000000001fb50000,0x000000001fc50000)]
  0x0000000018c0b800 JavaThread "TCF Locator Timer" daemon [_thread_blocked, id=7052, stack(0x000000001fa50000,0x000000001fb50000)]
  0x0000000018c10800 JavaThread "TCF Locator Receiver" daemon [_thread_in_native, id=6336, stack(0x000000001f950000,0x000000001fa50000)]
  0x0000000018734800 JavaThread "TCF Timer Dispatcher" daemon [_thread_blocked, id=9020, stack(0x000000001f320000,0x000000001f420000)]
  0x000000001554c800 JavaThread "EMF Reference Cleaner" daemon [_thread_blocked, id=4940, stack(0x0000000017c60000,0x0000000017d60000)]
  0x00000000138af800 JavaThread "Service Thread" daemon [_thread_blocked, id=3600, stack(0x0000000014a60000,0x0000000014b60000)]
  0x0000000013832000 JavaThread "C1 CompilerThread1" daemon [_thread_blocked, id=8112, stack(0x0000000014960000,0x0000000014a60000)]
  0x000000001382c000 JavaThread "C2 CompilerThread0" daemon [_thread_blocked, id=5496, stack(0x0000000014860000,0x0000000014960000)]
  0x0000000013829000 JavaThread "Attach Listener" daemon [_thread_blocked, id=7312, stack(0x0000000014760000,0x0000000014860000)]
  0x0000000013826000 JavaThread "Signal Dispatcher" daemon [_thread_blocked, id=9572, stack(0x0000000014660000,0x0000000014760000)]
  0x00000000026f3800 JavaThread "Finalizer" daemon [_thread_blocked, id=6332, stack(0x0000000014470000,0x0000000014570000)]
  0x00000000026ec800 JavaThread "Reference Handler" daemon [_thread_blocked, id=9840, stack(0x0000000014370000,0x0000000014470000)]
  0x00000000025de000 JavaThread "main" [_thread_blocked, id=8324, stack(0x0000000000050000,0x0000000000150000)]

Other Threads:
=>0x00000000137f7000 VMThread [stack: 0x0000000014270000,0x0000000014370000] [id=9364]

VM state:at safepoint (shutting down)

VM Mutex/Monitor currently owned by a thread:  ([mutex/lock_event])
[0x00000000025dcdc0] Threads_lock - owner thread: 0x00000000137f7000

Heap:
 PSYoungGen      total 75264K, used 55031K [0x00000000f5580000, 0x00000000fa600000, 0x0000000100000000)
  eden space 68096K, 80% used [0x00000000f5580000,0x00000000f8b3dcb0,0x00000000f9800000)
  from space 7168K, 0% used [0x00000000f9f00000,0x00000000f9f00000,0x00000000fa600000)
  to   space 7168K, 0% used [0x00000000f9800000,0x00000000f9800000,0x00000000f9f00000)
 ParOldGen       total 98304K, used 49939K [0x00000000e0000000, 0x00000000e6000000, 0x00000000f5580000)
  object space 98304K, 50% used [0x00000000e0000000,0x00000000e30c4d10,0x00000000e6000000)
 Metaspace       used 96080K, capacity 103104K, committed 103448K, reserved 1138688K
  class space    used 11195K, capacity 13541K, committed 13616K, reserved 1048576K

Card table byte_map: [0x0000000011ac0000,0x0000000011bd0000] byte_map_base: 0x00000000113c0000

Marking Bits: (ParMarkBitMap*) 0x0000000056c1a5b0
 Begin Bits: [0x0000000011dd0000, 0x00000000125d0000)
 End Bits:   [0x00000000125d0000, 0x0000000012dd0000)

Polling page: 0x0000000000520000

CodeCache: size=245760Kb used=59629Kb max_used=60005Kb free=186130Kb
 bounds [0x0000000002700000, 0x0000000006230000, 0x0000000011700000]
 total_blobs=16274 nmethods=15372 adapters=809
 compilation: enabled

Compilation events (10 events):
Event: 5754.722 Thread 0x0000000013832000 20788       3       org.eclipse.osgi.container.ModuleWiring::invalidate0 (52 bytes)
Event: 5754.723 Thread 0x0000000013832000 nmethod 20788 0x00000000043be350 code [0x00000000043be500, 0x00000000043beea8]
Event: 5754.724 Thread 0x0000000013832000 20789       3       org.eclipse.osgi.internal.framework.EquinoxContainerAdaptor::clearManifestCache (84 bytes)
Event: 5754.725 Thread 0x0000000013832000 nmethod 20789 0x00000000035f02d0 code [0x00000000035f0520, 0x00000000035f1c38]
Event: 5754.725 Thread 0x0000000013832000 20790   !   3       org.eclipse.osgi.internal.loader.BundleLoader::close (74 bytes)
Event: 5754.726 Thread 0x0000000013832000 nmethod 20790 0x0000000003903f10 code [0x0000000003904100, 0x0000000003904af8]
Event: 5754.727 Thread 0x0000000013832000 20791       3       java.util.RegularEnumSet::remove (74 bytes)
Event: 5754.727 Thread 0x0000000013832000 nmethod 20791 0x000000000600c050 code [0x000000000600c1e0, 0x000000000600c788]
Event: 5754.727 Thread 0x0000000013832000 20792       3       org.eclipse.osgi.container.Module::unlockStateChange (63 bytes)
Event: 5754.728 Thread 0x0000000013832000 nmethod 20792 0x0000000005ab5a50 code [0x0000000005ab5cc0, 0x0000000005ab7048]

GC Heap History (10 events):
Event: 5592.286 GC heap before
{Heap before GC invocations=92 (full 26):
 PSYoungGen      total 75264K, used 3593K [0x00000000f5580000, 0x00000000fa600000, 0x0000000100000000)
  eden space 68096K, 0% used [0x00000000f5580000,0x00000000f5580000,0x00000000f9800000)
  from space 7168K, 50% used [0x00000000f9f00000,0x00000000fa282408,0x00000000fa600000)
  to   space 7168K, 0% used [0x00000000f9800000,0x00000000f9800000,0x00000000f9f00000)
 ParOldGen       total 98304K, used 49903K [0x00000000e0000000, 0x00000000e6000000, 0x00000000f5580000)
  object space 98304K, 50% used [0x00000000e0000000,0x00000000e30bbe60,0x00000000e6000000)
 Metaspace       used 95368K, capacity 102550K, committed 102808K, reserved 1138688K
  class space    used 11124K, capacity 13380K, committed 13488K, reserved 1048576K
Event: 5592.593 GC heap after
Heap after GC invocations=92 (full 26):
 PSYoungGen      total 75264K, used 0K [0x00000000f5580000, 0x00000000fa600000, 0x0000000100000000)
  eden space 68096K, 0% used [0x00000000f5580000,0x00000000f5580000,0x00000000f9800000)
  from space 7168K, 0% used [0x00000000f9f00000,0x00000000f9f00000,0x00000000fa600000)
  to   space 7168K, 0% used [0x00000000f9800000,0x00000000f9800000,0x00000000f9f00000)
 ParOldGen       total 98304K, used 51804K [0x00000000e0000000, 0x00000000e6000000, 0x00000000f5580000)
  object space 98304K, 52% used [0x00000000e0000000,0x00000000e3297388,0x00000000e6000000)
 Metaspace       used 95368K, capacity 102550K, committed 102808K, reserved 1138688K
  class space    used 11124K, capacity 13380K, committed 13488K, reserved 1048576K
}
Event: 5652.290 GC heap before
{Heap before GC invocations=93 (full 26):
 PSYoungGen      total 75264K, used 10344K [0x00000000f5580000, 0x00000000fa600000, 0x0000000100000000)
  eden space 68096K, 15% used [0x00000000f5580000,0x00000000f5f9a158,0x00000000f9800000)
  from space 7168K, 0% used [0x00000000f9f00000,0x00000000f9f00000,0x00000000fa600000)
  to   space 7168K, 0% used [0x00000000f9800000,0x00000000f9800000,0x00000000f9f00000)
 ParOldGen       total 98304K, used 51804K [0x00000000e0000000, 0x00000000e6000000, 0x00000000f5580000)
  object space 98304K, 52% used [0x00000000e0000000,0x00000000e3297388,0x00000000e6000000)
 Metaspace       used 95368K, capacity 102550K, committed 102808K, reserved 1138688K
  class space    used 11124K, capacity 13380K, committed 13488K, reserved 1048576K
Event: 5652.294 GC heap after
Heap after GC invocations=93 (full 26):
 PSYoungGen      total 75264K, used 256K [0x00000000f5580000, 0x00000000fa600000, 0x0000000100000000)
  eden space 68096K, 0% used [0x00000000f5580000,0x00000000f5580000,0x00000000f9800000)
  from space 7168K, 3% used [0x00000000f9800000,0x00000000f9840000,0x00000000f9f00000)
  to   space 7168K, 0% used [0x00000000f9f00000,0x00000000f9f00000,0x00000000fa600000)
 ParOldGen       total 98304K, used 51804K [0x00000000e0000000, 0x00000000e6000000, 0x00000000f5580000)
  object space 98304K, 52% used [0x00000000e0000000,0x00000000e3297388,0x00000000e6000000)
 Metaspace       used 95368K, capacity 102550K, committed 102808K, reserved 1138688K
  class space    used 11124K, capacity 13380K, committed 13488K, reserved 1048576K
}
Event: 5652.294 GC heap before
{Heap before GC invocations=94 (full 27):
 PSYoungGen      total 75264K, used 256K [0x00000000f5580000, 0x00000000fa600000, 0x0000000100000000)
  eden space 68096K, 0% used [0x00000000f5580000,0x00000000f5580000,0x00000000f9800000)
  from space 7168K, 3% used [0x00000000f9800000,0x00000000f9840000,0x00000000f9f00000)
  to   space 7168K, 0% used [0x00000000f9f00000,0x00000000f9f00000,0x00000000fa600000)
 ParOldGen       total 98304K, used 51804K [0x00000000e0000000, 0x00000000e6000000, 0x00000000f5580000)
  object space 98304K, 52% used [0x00000000e0000000,0x00000000e3297388,0x00000000e6000000)
 Metaspace       used 95368K, capacity 102550K, committed 102808K, reserved 1138688K
  class space    used 11124K, capacity 13380K, committed 13488K, reserved 1048576K
Event: 5652.464 GC heap after
Heap after GC invocations=94 (full 27):
 PSYoungGen      total 75264K, used 0K [0x00000000f5580000, 0x00000000fa600000, 0x0000000100000000)
  eden space 68096K, 0% used [0x00000000f5580000,0x00000000f5580000,0x00000000f9800000)
  from space 7168K, 0% used [0x00000000f9800000,0x00000000f9800000,0x00000000f9f00000)
  to   space 7168K, 0% used [0x00000000f9f00000,0x00000000f9f00000,0x00000000fa600000)
 ParOldGen       total 98304K, used 50048K [0x00000000e0000000, 0x00000000e6000000, 0x00000000f5580000)
  object space 98304K, 50% used [0x00000000e0000000,0x00000000e30e00e0,0x00000000e6000000)
 Metaspace       used 95368K, capacity 102550K, committed 102808K, reserved 1138688K
  class space    used 11124K, capacity 13380K, committed 13488K, reserved 1048576K
}
Event: 5712.306 GC heap before
{Heap before GC invocations=95 (full 27):
 PSYoungGen      total 75264K, used 1766K [0x00000000f5580000, 0x00000000fa600000, 0x0000000100000000)
  eden space 68096K, 2% used [0x00000000f5580000,0x00000000f5739a90,0x00000000f9800000)
  from space 7168K, 0% used [0x00000000f9800000,0x00000000f9800000,0x00000000f9f00000)
  to   space 7168K, 0% used [0x00000000f9f00000,0x00000000f9f00000,0x00000000fa600000)
 ParOldGen       total 98304K, used 50048K [0x00000000e0000000, 0x00000000e6000000, 0x00000000f5580000)
  object space 98304K, 50% used [0x00000000e0000000,0x00000000e30e00e0,0x00000000e6000000)
 Metaspace       used 95368K, capacity 102550K, committed 102808K, reserved 1138688K
  class space    used 11124K, capacity 13380K, committed 13488K, reserved 1048576K
Event: 5712.310 GC heap after
Heap after GC invocations=95 (full 27):
 PSYoungGen      total 75264K, used 128K [0x00000000f5580000, 0x00000000fa600000, 0x0000000100000000)
  eden space 68096K, 0% used [0x00000000f5580000,0x00000000f5580000,0x00000000f9800000)
  from space 7168K, 1% used [0x00000000f9f00000,0x00000000f9f20000,0x00000000fa600000)
  to   space 7168K, 0% used [0x00000000f9800000,0x00000000f9800000,0x00000000f9f00000)
 ParOldGen       total 98304K, used 50048K [0x00000000e0000000, 0x00000000e6000000, 0x00000000f5580000)
  object space 98304K, 50% used [0x00000000e0000000,0x00000000e30e00e0,0x00000000e6000000)
 Metaspace       used 95368K, capacity 102550K, committed 102808K, reserved 1138688K
  class space    used 11124K, capacity 13380K, committed 13488K, reserved 1048576K
}
Event: 5712.310 GC heap before
{Heap before GC invocations=96 (full 28):
 PSYoungGen      total 75264K, used 128K [0x00000000f5580000, 0x00000000fa600000, 0x0000000100000000)
  eden space 68096K, 0% used [0x00000000f5580000,0x00000000f5580000,0x00000000f9800000)
  from space 7168K, 1% used [0x00000000f9f00000,0x00000000f9f20000,0x00000000fa600000)
  to   space 7168K, 0% used [0x00000000f9800000,0x00000000f9800000,0x00000000f9f00000)
 ParOldGen       total 98304K, used 50048K [0x00000000e0000000, 0x00000000e6000000, 0x00000000f5580000)
  object space 98304K, 50% used [0x00000000e0000000,0x00000000e30e00e0,0x00000000e6000000)
 Metaspace       used 95368K, capacity 102550K, committed 102808K, reserved 1138688K
  class space    used 11124K, capacity 13380K, committed 13488K, reserved 1048576K
Event: 5712.497 GC heap after
Heap after GC invocations=96 (full 28):
 PSYoungGen      total 75264K, used 0K [0x00000000f5580000, 0x00000000fa600000, 0x0000000100000000)
  eden space 68096K, 0% used [0x00000000f5580000,0x00000000f5580000,0x00000000f9800000)
  from space 7168K, 0% used [0x00000000f9f00000,0x00000000f9f00000,0x00000000fa600000)
  to   space 7168K, 0% used [0x00000000f9800000,0x00000000f9800000,0x00000000f9f00000)
 ParOldGen       total 98304K, used 49939K [0x00000000e0000000, 0x00000000e6000000, 0x00000000f5580000)
  object space 98304K, 50% used [0x00000000e0000000,0x00000000e30c4d10,0x00000000e6000000)
 Metaspace       used 95353K, capacity 102526K, committed 102808K, reserved 1138688K
  class space    used 11122K, capacity 13376K, committed 13488K, reserved 1048576K
}

Deoptimization events (10 events):
Event: 5754.535 Thread 0x000000001c6b4000 Uncommon trap: reason=bimorphic action=maybe_recompile pc=0x00000000057b0af8 method=org.eclipse.core.internal.dtree.AbstractDataTreeNode.assembleWith([Lorg/eclipse/core/internal/dtree/AbstractDataTreeNode;[Lorg/eclipse/core/internal/dtree/AbstractDataTreeNÉ8ëøˆz¶@
Event: 5754.535 Thread 0x000000001c6b4000 Uncommon trap: reason=bimorphic action=maybe_recompile pc=0x00000000057b0af8 method=org.eclipse.core.internal.dtree.AbstractDataTreeNode.assembleWith([Lorg/eclipse/core/internal/dtree/AbstractDataTreeNode;[Lorg/eclipse/core/internal/dtree/AbstractDataTreeNÙ[Êùˆz¶@
Event: 5754.535 Thread 0x000000001c6b4000 Uncommon trap: reason=bimorphic action=maybe_recompile pc=0x00000000057b0af8 method=org.eclipse.core.internal.dtree.AbstractDataTreeNode.assembleWith([Lorg/eclipse/core/internal/dtree/AbstractDataTreeNode;[Lorg/eclipse/core/internal/dtree/AbstractDataTreeNþ=Âz‹z¶@
Event: 5754.545 Thread 0x00000000154e9000 Uncommon trap: reason=unstable_if action=reinterpret pc=0x00000000030069e4 method=org.eclipse.osgi.internal.framework.BundleContextImpl.dispatchEvent(Ljava/lang/Object;Ljava/lang/Object;ILjava/lang/Object;)V @ 16
Event: 5754.561 Thread 0x000000001c6b4000 Uncommon trap: reason=unstable_if action=reinterpret pc=0x00000000045029e8 method=java.lang.Class.getDeclaredMethod(Ljava/lang/String;[Ljava/lang/Class;)Ljava/lang/reflect/Method; @ 21
Event: 5754.634 Thread 0x0000000018734000 Uncommon trap: reason=unstable_if action=reinterpret pc=0x0000000002f04260 method=org.eclipse.osgi.framework.eventmgr.EventManager$EventThread.getNextEvent()Lorg/eclipse/osgi/framework/eventmgr/EventManager$EventThread$Queued; @ 15
Event: 5754.636 Thread 0x000000001c6b2000 Uncommon trap: reason=unstable_if action=reinterpret pc=0x0000000005727464 method=org.eclipse.core.internal.jobs.WorkerPool.startJob(Lorg/eclipse/core/internal/jobs/Worker;)Lorg/eclipse/core/internal/jobs/InternalJob; @ 177
Event: 5754.637 Thread 0x000000001c6bb800 Uncommon trap: reason=unstable_if action=reinterpret pc=0x0000000005727464 method=org.eclipse.core.internal.jobs.WorkerPool.startJob(Lorg/eclipse/core/internal/jobs/Worker;)Lorg/eclipse/core/internal/jobs/InternalJob; @ 177
Event: 5754.668 Thread 0x000000001c6b4000 Uncommon trap: reason=unstable_if action=reinterpret pc=0x0000000003033b88 method=sun.reflect.UnsafeStaticObjectFieldAccessorImpl.set(Ljava/lang/Object;Ljava/lang/Object;)V @ 13
Event: 5754.692 Thread 0x0000000018733000 Uncommon trap: reason=unstable_if action=reinterpret pc=0x0000000002f04260 method=org.eclipse.osgi.framework.eventmgr.EventManager$EventThread.getNextEvent()Lorg/eclipse/osgi/framework/eventmgr/EventManager$EventThread$Queued; @ 15

Internal exceptions (10 events):
Event: 5753.692 Thread 0x00000000025de000 Exception <a 'java/io/FileNotFoundException'> (0x00000000f8083680) thrown at [C:\re\workspace\8-2-build-windows-amd64-cygwin\jdk8u66\5298\hotspot\src\share\vm\prims\jni.cpp, line 709]
Event: 5753.692 Thread 0x00000000025de000 Exception <a 'java/io/FileNotFoundException'> (0x00000000f8085768) thrown at [C:\re\workspace\8-2-build-windows-amd64-cygwin\jdk8u66\5298\hotspot\src\share\vm\prims\jni.cpp, line 709]
Event: 5753.747 Thread 0x00000000025de000 Implicit null exception at 0x0000000002b02cac to 0x0000000002b05ec5
Event: 5753.846 Thread 0x000000001c2ac800 Exception <a 'java/lang/InterruptedException'> (0x00000000f859bc78) thrown at [C:\re\workspace\8-2-build-windows-amd64-cygwin\jdk8u66\5298\hotspot\src\share\vm\runtime\objectMonitor.cpp, line 1683]
Event: 5753.884 Thread 0x000000001c6b4000 Implicit null exception at 0x0000000005a79516 to 0x0000000005a7a864
Event: 5754.634 Thread 0x0000000018734000 Exception <a 'java/lang/InterruptedException'> (0x00000000f811b100) thrown at [C:\re\workspace\8-2-build-windows-amd64-cygwin\jdk8u66\5298\hotspot\src\share\vm\runtime\objectMonitor.cpp, line 1683]
Event: 5754.668 Thread 0x000000001c6b4000 Implicit null exception at 0x0000000003033890 to 0x0000000003033b75
Event: 5754.670 Thread 0x00000000154e9000 Exception <a 'java/lang/InterruptedException'> (0x00000000f8903688) thrown at [C:\re\workspace\8-2-build-windows-amd64-cygwin\jdk8u66\5298\hotspot\src\share\vm\runtime\objectMonitor.cpp, line 1683]
Event: 5754.692 Thread 0x0000000018733000 Exception <a 'java/lang/InterruptedException'> (0x00000000f56dcaa8) thrown at [C:\re\workspace\8-2-build-windows-amd64-cygwin\jdk8u66\5298\hotspot\src\share\vm\runtime\objectMonitor.cpp, line 1683]
Event: 5754.692 Thread 0x0000000014dd1800 Exception <a 'java/lang/InterruptedException'> (0x00000000f8adfcc0) thrown at [C:\re\workspace\8-2-build-windows-amd64-cygwin\jdk8u66\5298\hotspot\src\share\vm\runtime\objectMonitor.cpp, line 1683]

Events (10 events):
Event: 5754.734 loading class java/util/IdentityHashMap$KeyIterator done
Event: 5754.734 Thread 0x000000001c6b7000 Thread added: 0x000000001c6b7000
Event: 5754.734 Executing VM operation: RevokeBias
Event: 5754.734 Executing VM operation: RevokeBias done
Event: 5754.734 Executing VM operation: RevokeBias
Event: 5754.734 Executing VM operation: RevokeBias done
Event: 5754.735 Executing VM operation: RevokeBias
Event: 5754.735 Executing VM operation: RevokeBias done
Event: 5754.736 Thread 0x000000001c6b7000 Thread exited: 0x000000001c6b7000
Event: 5754.737 Executing VM operation: Exit


Dynamic libraries:
0x0000000000400000 - 0x000000000044f000 	C:\Xilinx\SDK\2016.2\eclipse\win64.o\eclipse.exe
0x00007ff8a97a0000 - 0x00007ff8a9971000 	C:\Windows\SYSTEM32\ntdll.dll
0x00007ff8a7fd0000 - 0x00007ff8a807b000 	C:\Windows\System32\KERNEL32.DLL
0x00007ff8a5f20000 - 0x00007ff8a613d000 	C:\Windows\System32\KERNELBASE.dll
0x00007ff8a7a30000 - 0x00007ff8a7b95000 	C:\Windows\System32\USER32.dll
0x00007ff8a6b40000 - 0x00007ff8a6b5e000 	C:\Windows\System32\win32u.dll
0x00007ff8a9750000 - 0x00007ff8a9784000 	C:\Windows\System32\GDI32.dll
0x00007ff8a5c90000 - 0x00007ff8a5e12000 	C:\Windows\System32\gdi32full.dll
0x00007ff8a7310000 - 0x00007ff8a73ae000 	C:\Windows\System32\msvcrt.dll
0x00007ff89e8a0000 - 0x00007ff89eb1a000 	C:\Windows\WinSxS\amd64_microsoft.windows.common-controls_6595b64144ccf1df_6.0.14393.953_none_42151e83c686086b\COMCTL32.dll
0x00007ff8a73b0000 - 0x00007ff8a7678000 	C:\Windows\System32\combase.dll
0x00007ff8a6a40000 - 0x00007ff8a6b35000 	C:\Windows\System32\ucrtbase.dll
0x00007ff8a77e0000 - 0x00007ff8a7901000 	C:\Windows\System32\RPCRT4.dll
0x00007ff8a69d0000 - 0x00007ff8a6a3a000 	C:\Windows\System32\bcryptPrimitives.dll
0x00007ff8a80e0000 - 0x00007ff8a810e000 	C:\Windows\System32\IMM32.DLL
0x0000000072000000 - 0x0000000072012000 	C:\Xilinx\SDK\2016.2\eclipse\win64.o\plugins\org.eclipse.equinox.launcher.win32.win32.x86_64_1.1.300.v20150602-1417\eclipse_1611.dll
0x00007ff8a7f20000 - 0x00007ff8a7fc2000 	C:\Windows\System32\ADVAPI32.dll
0x00007ff8a8080000 - 0x00007ff8a80d9000 	C:\Windows\System32\sechost.dll
0x00007ff89a1b0000 - 0x00007ff89a1ba000 	C:\Windows\SYSTEM32\VERSION.dll
0x00007ff8a43e0000 - 0x00007ff8a4475000 	C:\Windows\system32\uxtheme.dll
0x00007ff8a7bb0000 - 0x00007ff8a7d0a000 	C:\Windows\System32\MSCTF.dll
0x00007ff8a7910000 - 0x00007ff8a79cf000 	C:\Windows\System32\OLEAUT32.dll
0x00007ff8a6250000 - 0x00007ff8a62ec000 	C:\Windows\System32\msvcp_win.dll
0x00007ff88dbd0000 - 0x00007ff88dc68000 	C:\Program Files\Common Files\microsoft shared\ink\tiptsf.dll
0x0000000056410000 - 0x0000000056c99000 	C:\Xilinx\SDK\2016.2\tps\win64\jre\bin\server\jvm.dll
0x00007ff8a9790000 - 0x00007ff8a9798000 	C:\Windows\System32\PSAPI.DLL
0x00007ff890790000 - 0x00007ff890799000 	C:\Windows\SYSTEM32\WSOCK32.dll
0x00007ff8a4080000 - 0x00007ff8a40a3000 	C:\Windows\SYSTEM32\WINMM.dll
0x00007ff8a7db0000 - 0x00007ff8a7e1a000 	C:\Windows\System32\WS2_32.dll
0x0000000056fc0000 - 0x0000000057092000 	C:\Windows\SYSTEM32\MSVCR100.dll
0x00007ff8a4050000 - 0x00007ff8a407b000 	C:\Windows\SYSTEM32\WINMMBASE.dll
0x00007ff8a5e20000 - 0x00007ff8a5e62000 	C:\Windows\System32\cfgmgr32.dll
0x00000000562d0000 - 0x00000000562df000 	C:\Xilinx\SDK\2016.2\tps\win64\jre\bin\verify.dll
0x00000000562a0000 - 0x00000000562c9000 	C:\Xilinx\SDK\2016.2\tps\win64\jre\bin\java.dll
0x0000000056280000 - 0x0000000056296000 	C:\Xilinx\SDK\2016.2\tps\win64\jre\bin\zip.dll
0x00007ff8a8170000 - 0x00007ff8a9679000 	C:\Windows\System32\SHELL32.dll
0x00007ff8a62f0000 - 0x00007ff8a69ca000 	C:\Windows\System32\windows.storage.dll
0x00007ff8a5c10000 - 0x00007ff8a5c5c000 	C:\Windows\System32\powrprof.dll
0x00007ff8a8110000 - 0x00007ff8a8162000 	C:\Windows\System32\shlwapi.dll
0x00007ff8a5c00000 - 0x00007ff8a5c0f000 	C:\Windows\System32\kernel.appcore.dll
0x00007ff8a5e70000 - 0x00007ff8a5f19000 	C:\Windows\System32\shcore.dll
0x00007ff8a5c60000 - 0x00007ff8a5c74000 	C:\Windows\System32\profapi.dll
0x00007ff8a5670000 - 0x00007ff8a5687000 	C:\Windows\SYSTEM32\CRYPTSP.dll
0x00007ff8a50d0000 - 0x00007ff8a5103000 	C:\Windows\system32\rsaenh.dll
0x00007ff8a5b40000 - 0x00007ff8a5b6b000 	C:\Windows\SYSTEM32\bcrypt.dll
0x00007ff8a5350000 - 0x00007ff8a536f000 	C:\Windows\SYSTEM32\USERENV.dll
0x00007ff8a5690000 - 0x00007ff8a569b000 	C:\Windows\SYSTEM32\CRYPTBASE.dll
0x0000000056260000 - 0x000000005627a000 	C:\Xilinx\SDK\2016.2\tps\win64\jre\bin\net.dll
0x00007ff8a54d0000 - 0x00007ff8a552c000 	C:\Windows\system32\mswsock.dll
0x00007ff8a5250000 - 0x00007ff8a5288000 	C:\Windows\SYSTEM32\IPHLPAPI.DLL
0x00007ff8a7ba0000 - 0x00007ff8a7ba8000 	C:\Windows\System32\NSI.dll
0x00007ff8a0ea0000 - 0x00007ff8a0eb6000 	C:\Windows\SYSTEM32\dhcpcsvc6.DLL
0x00007ff8a1240000 - 0x00007ff8a125a000 	C:\Windows\SYSTEM32\dhcpcsvc.DLL
0x0000000056240000 - 0x0000000056251000 	C:\Xilinx\SDK\2016.2\tps\win64\jre\bin\nio.dll
0x00007ff8a7d10000 - 0x00007ff8a7daf000 	C:\Windows\System32\clbcatq.dll
0x00007ff899790000 - 0x00007ff89993a000 	C:\Windows\System32\uiautomationcore.dll
0x00007ff8a5a40000 - 0x00007ff8a5ad8000 	C:\Windows\SYSTEM32\sxs.dll
0x00007ff8918a0000 - 0x00007ff891905000 	C:\Windows\System32\OLEACC.dll
0x00007ff8979f0000 - 0x00007ff897a06000 	C:\Windows\system32\napinsp.dll
0x00007ff897a10000 - 0x00007ff897a2a000 	C:\Windows\system32\pnrpnsp.dll
0x00007ff8a0ad0000 - 0x00007ff8a0ae8000 	C:\Windows\system32\NLAapi.dll
0x00007ff8a5290000 - 0x00007ff8a5331000 	C:\Windows\SYSTEM32\DNSAPI.dll
0x00007ff897a60000 - 0x00007ff897a6e000 	C:\Windows\System32\winrnr.dll
0x00007ff89dda0000 - 0x00007ff89ddaa000 	C:\Windows\System32\rasadhlp.dll
0x00007ff89f5d0000 - 0x00007ff89f63a000 	C:\Windows\System32\fwpuclnt.dll
0x00007ff8a7680000 - 0x00007ff8a77b7000 	C:\Windows\System32\ole32.dll
0x0000000017b60000 - 0x0000000017c08000 	C:\Users\jon\.Xilinx\SDK\2016.2\org.eclipse.osgi\312\0\.cp\swt-win32-4527.dll
0x00007ff8a7e20000 - 0x00007ff8a7f1a000 	C:\Windows\System32\comdlg32.dll
0x00007ff8a6b60000 - 0x00007ff8a6d29000 	C:\Windows\System32\CRYPT32.dll
0x00007ff8a5c80000 - 0x00007ff8a5c90000 	C:\Windows\System32\MSASN1.dll
0x00007ff8a1380000 - 0x00007ff8a1406000 	C:\Windows\SYSTEM32\WINSPOOL.DRV
0x00007ff89f9d0000 - 0x00007ff89f9e9000 	C:\Windows\SYSTEM32\USP10.dll
0x00007ff8957f0000 - 0x00007ff895aba000 	C:\Windows\SYSTEM32\WININET.dll
0x00007ff8a3a20000 - 0x00007ff8a3a46000 	C:\Windows\system32\dwmapi.dll
0x00007ff8a3800000 - 0x00007ff8a3985000 	C:\Windows\SYSTEM32\propsys.dll
0x0000000017c40000 - 0x0000000017c5e000 	C:\Users\jon\.Xilinx\SDK\2016.2\org.eclipse.osgi\312\0\.cp\swt-gdip-win32-4527.dll
0x00007ff8905f0000 - 0x00007ff89078a000 	C:\Windows\WinSxS\amd64_microsoft.windows.gdiplus_6595b64144ccf1df_1.1.14393.953_none_7300116921188239\gdiplus.dll
0x00007ff8a34b0000 - 0x00007ff8a3658000 	C:\Windows\SYSTEM32\WindowsCodecs.dll
0x0000000180000000 - 0x0000000180012000 	C:\Users\jon\.Xilinx\SDK\2016.2\org.eclipse.osgi\126\0\.cp\os\win32\x86_64\localfile_1_0_0.dll
0x00007ff88bc20000 - 0x00007ff88bc5f000 	C:\Windows\system32\mlang.dll
0x00007ff891550000 - 0x00007ff891599000 	C:\Windows\system32\dataexchange.dll
0x00007ff8a2c50000 - 0x00007ff8a2f06000 	C:\Windows\system32\d3d11.dll
0x00007ff8a3b70000 - 0x00007ff8a3cc1000 	C:\Windows\system32\dcomp.dll
0x00007ff8a4b80000 - 0x00007ff8a4c1f000 	C:\Windows\system32\dxgi.dll
0x00007ff8a4650000 - 0x00007ff8a476c000 	C:\Windows\system32\twinapi.appcore.dll
0x00007ff89f9c0000 - 0x00007ff89f9c7000 	C:\Windows\SYSTEM32\msimg32.dll
0x00007ff89ede0000 - 0x00007ff89edf1000 	C:\Users\jon\.Xilinx\SDK\2016.2\org.eclipse.osgi\129\0\.cp\jWinHttp-1.0.0.dll
0x00007ff8a1e20000 - 0x00007ff8a1eed000 	C:\Windows\SYSTEM32\WINHTTP.dll
0x00007ff89ff90000 - 0x00007ff89ff9f000 	C:\Xilinx\SDK\2016.2\lib\win64.o\librdi_repo_manager.dll
0x00007ff899340000 - 0x00007ff89936a000 	C:\Xilinx\SDK\2016.2\lib\win64.o\libisl_sysinfo.dll
0x00007ff85d150000 - 0x00007ff85db90000 	C:\Xilinx\SDK\2016.2\lib\win64.o\librdi_common.dll
0x00007ff896660000 - 0x00007ff8966b4000 	C:\Xilinx\SDK\2016.2\lib\win64.o\librdi_commonxillic.dll
0x00007ff865510000 - 0x00007ff865702000 	C:\Xilinx\SDK\2016.2\lib\win64.o\librdi_hsm.dll
0x00007ff8886a0000 - 0x00007ff888747000 	C:\Windows\SYSTEM32\MSVCP110.dll
0x00007ff888750000 - 0x00007ff888824000 	C:\Windows\SYSTEM32\MSVCR110.dll
0x00007ff862280000 - 0x00007ff8625ee000 	C:\Xilinx\SDK\2016.2\lib\win64.o\libCOIN-all.dll
0x00007ff862060000 - 0x00007ff86227f000 	C:\Xilinx\SDK\2016.2\lib\win64.o\libXil_lmgr11.dll
0x00007ff8a6140000 - 0x00007ff8a6195000 	C:\Windows\System32\WINTRUST.dll
0x00007ff89ff60000 - 0x00007ff89ff70000 	C:\Xilinx\SDK\2016.2\lib\win64.o\libboost_date_time.dll
0x00007ff898a30000 - 0x00007ff898a54000 	C:\Xilinx\SDK\2016.2\lib\win64.o\libboost_filesystem.dll
0x00007ff8965e0000 - 0x00007ff896657000 	C:\Xilinx\SDK\2016.2\lib\win64.o\libboost_program_options.dll
0x00007ff8931c0000 - 0x00007ff8932c6000 	C:\Xilinx\SDK\2016.2\lib\win64.o\libboost_regex.dll
0x00007ff896ad0000 - 0x00007ff896ae3000 	C:\Xilinx\SDK\2016.2\lib\win64.o\libboost_signals.dll
0x00007ff89edd0000 - 0x00007ff89edd9000 	C:\Xilinx\SDK\2016.2\lib\win64.o\libboost_system.dll
0x00007ff896ab0000 - 0x00007ff896acd000 	C:\Xilinx\SDK\2016.2\lib\win64.o\libboost_thread.dll
0x00007ff89eda0000 - 0x00007ff89edab000 	C:\Xilinx\SDK\2016.2\lib\win64.o\libboost_xilinx.dll
0x00007ff893140000 - 0x00007ff8931c0000 	C:\Xilinx\SDK\2016.2\lib\win64.o\libhdlpsolve.dll
0x00007ff88bfc0000 - 0x00007ff88c05a000 	C:\Xilinx\SDK\2016.2\lib\win64.o\libhdxml.dll
0x00007ff861bf0000 - 0x00007ff862055e00 	C:\Xilinx\SDK\2016.2\lib\win64.o\libisl_iostreams.dll
0x00007ff8967f0000 - 0x00007ff896805000 	C:\Xilinx\SDK\2016.2\lib\win64.o\pthreadVC2.dll
0x00007ff8616a0000 - 0x00007ff8617d0000 	C:\Xilinx\SDK\2016.2\lib\win64.o\librdi_curl.dll
0x00007ff896740000 - 0x00007ff896758000 	C:\Xilinx\SDK\2016.2\lib\win64.o\librdiconfig.dll
0x00007ff8964d0000 - 0x00007ff8964f3000 	C:\Xilinx\SDK\2016.2\lib\win64.o\librdizlib.dll
0x00000000562e0000 - 0x0000000056407000 	C:\Xilinx\SDK\2016.2\lib\win64.o\tcl85t.dll
0x0000000022410000 - 0x0000000022673000 	C:\Xilinx\SDK\2016.2\lib\win64.o\xerces-c_3_1.dll
0x00007ff899f60000 - 0x00007ff89a122000 	C:\Windows\SYSTEM32\urlmon.dll
0x00007ff89da60000 - 0x00007ff89da83000 	C:\Windows\SYSTEM32\VCOMP110.DLL
0x00007ff88c0c0000 - 0x00007ff88c103000 	C:\Xilinx\SDK\2016.2\lib\win64.o\librdi_hdf.dll
0x00007ff861410000 - 0x00007ff861691000 	C:\Xilinx\SDK\2016.2\lib\win64.o\librdi_ippcw.dll
0x00007ff89c510000 - 0x00007ff89c528000 	C:\Windows\SYSTEM32\NETAPI32.dll
0x00007ff89ed80000 - 0x00007ff89ed8b000 	C:\Xilinx\SDK\2016.2\lib\win64.o\libboost_chrono.dll
0x00007ff8930f0000 - 0x00007ff893106000 	C:\Xilinx\SDK\2016.2\lib\win64.o\libboost_iostreams.dll
0x00007ff8926d0000 - 0x00007ff8926f3000 	C:\Xilinx\SDK\2016.2\lib\win64.o\libisl_iosutils.dll
0x00007ff89b120000 - 0x00007ff89b3c2000 	C:\Windows\SYSTEM32\iertutil.dll
0x00007ff892770000 - 0x00007ff8927b2000 	C:\Windows\SYSTEM32\edputil.dll
0x00007ff892a90000 - 0x00007ff892aa6000 	C:\Xilinx\SDK\2016.2\eclipse\win64.o\plugins\org.eclipse.cdt.core.win32.x86_64_5.4.0.201509131935\os\win32\x86_64\spawner.dll
0x00007ff89ff70000 - 0x00007ff89ff7a000 	C:\Xilinx\SDK\2016.2\lib\win64.o\librdi_jtag_settings.dll
0x00007ff88b420000 - 0x00007ff88b449000 	C:\Xilinx\SDK\2016.2\lib\win64.o\librdi_debug_dialog.dll

VM Arguments:
jvm_args: -Dcom.xilinx.sdk.args.hwspec=C:/Users/jon/ECE532/video_in_with_tracking/project_tracking/project_tracking.sdk/design_1_wrapper.hdf -Xms64m -Xmx512m & 
java_command: <unknown>
java_class_path (initial): C:\Xilinx\SDK\2016.2\eclipse\win64.o\\plugins/org.eclipse.equinox.launcher_1.3.100.v20150511-1540.jar
Launcher Type: generic

Environment Variables:
PATH=C:/Xilinx/SDK/2016.2/tps/win64/jre/bin/server;C:/Xilinx/SDK/2016.2/tps/win64/jre/bin;C:/Xilinx/SDK/2016.2/tps/win64/jre/lib/amd64;C:\Xilinx\SDK\2016.2\gnuwin\bin;C:\Xilinx\SDK\2016.2\gnu\microblaze\nt\bin;C:\Xilinx\SDK\2016.2\gnu\microblaze\linux_toolchain\nt64_le\bin;C:\Xilinx\SDK\2016.2\gnu\microblaze\linux_toolchain\nt64_be\bin;C:\Xilinx\SDK\2016.2\gnu\arm\nt\bin;C:\Xilinx\SDK\2016.2\gnu\aarch64\nt\aarch64-none\bin;C:\Xilinx\SDK\2016.2\gnu\aarch64\nt\aarch64-linux\bin;C:\Xilinx\SDK\2016.2\gnu\armr5\nt\gcc-arm-none-eabi\bin;C:\Xilinx\SDK\2016.2\gnu\aarch32\nt\gcc-arm-none-eabi\bin;C:\Xilinx\SDK\2016.2\gnu\aarch32\nt\gcc-arm-linux-gnueabi\bin;C:\Xilinx\SDK\2016.2\tps\win64\cmake-3.3.2\bin;;C:\Xilinx\SDK\2016.2\bin;C:\Xilinx\SDK\2016.2\lib\win64.o;C:\Xilinx\SDK\2016.2\tps\win64\jre\bin\server;C:\Xilinx\SDK\2016.2\tps\win64\jre\bin;C:\Xilinx\Vivado\2016.2\ids_lite\ISE\bin\nt64;C:\Xilinx\Vivado\2016.2\ids_lite\ISE\lib\nt64;C:\Xilinx\Vivado\2016.2\bin;C:\Xilinx\Vivado\2016.2\lib\win64.o;C:\Xilinx\Vivado\2016.2\tps\win64\jre\bin\server;C:\Xilinx\Vivado\2016.2\tps\win64\jre\bin;C:\Xilinx\Vivado_HLS\2016.2\bin;C:\Program Files (x86)\Parallels\Parallels Tools\Applications;C:\Windows\system32;C:\Windows;C:\Windows\System32\Wbem;C:\Windows\System32\WindowsPowerShell\v1.0\;C:\Windows\system32\config\systemprofile\.dnx\bin;C:\Program Files\Microsoft DNX\Dnvm\;C:\Program Files\Microsoft SQL Server\130\Tools\Binn\;C:\Program Files (x86)\Windows Kits\8.1\Windows Performance Toolkit\;C:\Users\jon\AppData\Local\Microsoft\WindowsApps;;C:\altera\13.0\modelsim_ase\win32aloem;C:\Users\jon\ECE532\video_in_with_tracking\project_tracking;
USERNAME=jon
OS=Windows_NT
PROCESSOR_IDENTIFIER=Intel64 Family 6 Model 61 Stepping 4, GenuineIntel



---------------  S Y S T E M  ---------------

OS: Windows 10.0 , 64 bit Build 14393 (10.0.14393.0)

CPU:total 2 (2 cores per cpu, 1 threads per core) family 6 model 61 stepping 4, cmov, cx8, fxsr, mmx, sse, sse2, sse3, ssse3, sse4.1, sse4.2, popcnt, avx, avx2, aes, clmul, erms, lzcnt, tsc, bmi1, bmi2, adx

Memory: 4k page, physical 2079244k(665140k free), swap 5224972k(1905156k free)

vm_info: Java HotSpot(TM) 64-Bit Server VM (25.66-b18) for windows-amd64 JRE (1.8.0_66-b18), built on Nov  9 2015 10:51:13 by "java_re" with MS VC++ 10.0 (VS2010)

time: Fri Mar 17 14:40:19 2017
elapsed time: 5755 seconds (0d 1h 35m 55s)

