Copyright 1986-2016 Xilinx, Inc. All Rights Reserved.
------------------------------------------------------------------------------------
| Tool Version : Vivado v.2016.2 (win64) Build 1577090 Thu Jun  2 16:32:40 MDT 2016
| Date         : Thu Mar 16 21:46:53 2017
| Host         : QIJUNWEN77B9 running 64-bit major release  (build 9200)
| Command      : upgrade_ip
| Device       : xc7a100tcsg324-1
------------------------------------------------------------------------------------

Upgrade Log for IP 'design_1_video_in_ip_0_0'

1. Summary
----------

SUCCESS in the upgrade of design_1_video_in_ip_0_0 (user:user:video_in_ip:1.0) from (Rev. 4) to (Rev. 5)






Copyright 1986-2016 Xilinx, Inc. All Rights Reserved.
------------------------------------------------------------------------------------
| Tool Version : Vivado v.2016.2 (win64) Build 1577090 Thu Jun  2 16:32:40 MDT 2016
| Date         : Thu Mar 16 21:46:53 2017
| Host         : QIJUNWEN77B9 running 64-bit major release  (build 9200)
| Command      : upgrade_ip
| Device       : xc7a100tcsg324-1
------------------------------------------------------------------------------------

Upgrade Log for IP 'design_1_Tracking_IP_0_0'

1. Summary
----------

CAUTION (success, with warnings) in the upgrade of design_1_Tracking_IP_0_0 (user:user:Tracking_IP:1.0) from (Rev. 3) to (Rev. 5)

After upgrade, an IP may have parameter and port differences compared to the original customization. Please review the parameters within the IP customization GUI to ensure proper functionality. Also, please review the updated IP instantiation template to ensure proper connectivity, and update your design if required.

2. Connection Warnings
----------------------

Detected external port differences while upgrading 'design_1_Tracking_IP_0_0'. These changes may impact your design.


-Upgrade has added port 'data_tuser'







Copyright 1986-2016 Xilinx, Inc. All Rights Reserved.
------------------------------------------------------------------------------------
| Tool Version : Vivado v.2016.2 (win64) Build 1577090 Thu Jun  2 16:32:40 MDT 2016
| Date         : Thu Mar 16 00:08:34 2017
| Host         : QIJUNWEN77B9 running 64-bit major release  (build 9200)
| Command      : upgrade_ip
| Device       : xc7a100tcsg324-1
------------------------------------------------------------------------------------

Upgrade Log for IP 'design_1_Tracking_IP_0_0'

1. Summary
----------

SUCCESS in the update of design_1_Tracking_IP_0_0 (user:user:Tracking_IP:1.0 (Rev. 3)) to current project options.

