#-----------------------------------------------------------
# Vivado v2016.2 (64-bit)
# SW Build 1577090 on Thu Jun  2 16:32:40 MDT 2016
# IP Build 1577682 on Fri Jun  3 12:00:54 MDT 2016
# Start of session at: Thu Mar 16 21:44:53 2017
# Process ID: 6680
# Current directory: C:/Users/jon/ECE532/video_in_with_tracking/project_tracking
# Command line: vivado.exe -gui_launcher_event rodinguilauncherevent4596 C:\Users\jon\ECE532\video_in_with_tracking\project_tracking\project_tracking.xpr
# Log file: C:/Users/jon/ECE532/video_in_with_tracking/project_tracking/vivado.log
# Journal file: C:/Users/jon/ECE532/video_in_with_tracking/project_tracking\vivado.jou
#-----------------------------------------------------------
start_gui
open_project C:/Users/jon/ECE532/video_in_with_tracking/project_tracking/project_tracking.xpr
Scanning sources...
Finished scanning sources
INFO: [IP_Flow 19-234] Refreshing IP repositories
INFO: [IP_Flow 19-1700] Loaded user IP repository 'c:/Users/jon/ECE532/video_in_ip'.
INFO: [IP_Flow 19-1700] Loaded user IP repository 'c:/Users/jon/ECE532/tracking/trackin_IP/ip_repo'.
INFO: [IP_Flow 19-2313] Loaded Vivado IP repository 'C:/Xilinx/Vivado/2016.2/data/ip'.
WARNING: [BD 41-1661] One or more IPs have been locked in the design 'design_1.bd'. Please run report_ip_status for more details and recommendations on how to fix this issue.
List of locked IPs:
design_1_video_in_ip_0_0
design_1_Tracking_IP_0_0

open_project: Time (s): cpu = 00:00:26 ; elapsed = 00:00:27 . Memory (MB): peak = 980.926 ; gain = 359.770
update_compile_order -fileset sources_1
open_run impl_1
INFO: [Common 17-41] Interrupt caught. Command should exit soon.
INFO: [Netlist 29-17] Analyzing 1362 Unisim elements for replacement
INFO: [Netlist 29-28] Unisim Transformation completed in 1 CPU seconds
INFO: [Project 1-479] Netlist was created with Vivado 2016.2
INFO: [Project 1-111] Unisim Transformation Summary:
  A total of 353 instances were transformed.
  IOBUF => IOBUF (IBUF, OBUFT): 1 instances
  IOBUFDS_INTERMDISABLE => IOBUFDS_INTERMDISABLE (OBUFTDS, IBUFDS_INTERMDISABLE_INT, IBUFDS_INTERMDISABLE_INT): 2 instances
  IOBUF_INTERMDISABLE => IOBUF_INTERMDISABLE (IBUF_INTERMDISABLE, OBUFT): 16 instances
  LUT6_2 => LUT6_2 (LUT6, LUT5): 94 instances
  RAM32M => RAM32M (RAMS32, RAMS32, RAMD32, RAMD32, RAMD32, RAMD32, RAMD32, RAMD32): 240 instances

open_run: Time (s): cpu = 00:00:10 ; elapsed = 00:00:19 . Memory (MB): peak = 1110.586 ; gain = 129.660
INFO: [Common 17-344] 'open_run' was cancelled
open_bd_design {C:/Users/jon/ECE532/video_in_with_tracking/project_tracking/project_tracking.srcs/sources_1/bd/design_1/design_1.bd}
Adding cell -- xilinx.com:ip:microblaze:9.6 - microblaze_0
Adding cell -- xilinx.com:ip:mdm:3.2 - mdm_1
Adding cell -- xilinx.com:ip:clk_wiz:5.3 - clk_wiz_1
Adding cell -- xilinx.com:ip:proc_sys_reset:5.0 - rst_clk_wiz_1_100M
Adding cell -- xilinx.com:ip:axi_uartlite:2.0 - axi_uartlite_0
Adding cell -- xilinx.com:ip:mig_7series:4.0 - mig_7series_0
Adding cell -- xilinx.com:ip:proc_sys_reset:5.0 - rst_mig_7series_0_81M
Adding cell -- xilinx.com:ip:axi_tft:2.0 - axi_tft_0
Adding cell -- user:user:video_in_ip:1.0 - video_in_ip_0
Adding cell -- xilinx.com:ip:axi_vdma:6.2 - axi_vdma_0
Adding cell -- user:user:Tracking_IP:1.0 - Tracking_IP_0
Adding cell -- xilinx.com:ip:axi_crossbar:2.1 - xbar
Adding cell -- xilinx.com:ip:axi_dwidth_converter:2.1 - auto_ds
Adding cell -- xilinx.com:ip:axi_protocol_converter:2.1 - auto_pc
Adding cell -- xilinx.com:ip:axi_dwidth_converter:2.1 - auto_ds
Adding cell -- xilinx.com:ip:axi_protocol_converter:2.1 - auto_pc
Adding cell -- xilinx.com:ip:axi_dwidth_converter:2.1 - auto_ds
Adding cell -- xilinx.com:ip:axi_protocol_converter:2.1 - auto_pc
Adding cell -- xilinx.com:ip:axi_clock_converter:2.1 - auto_cc
Adding cell -- xilinx.com:ip:axi_dwidth_converter:2.1 - auto_ds
Adding cell -- xilinx.com:ip:axi_protocol_converter:2.1 - auto_pc
Adding cell -- xilinx.com:ip:axi_dwidth_converter:2.1 - auto_us
Adding cell -- xilinx.com:ip:axi_protocol_converter:2.1 - auto_pc
Adding cell -- xilinx.com:ip:axi_dwidth_converter:2.1 - auto_us
Adding cell -- xilinx.com:ip:lmb_v10:3.0 - dlmb_v10
Adding cell -- xilinx.com:ip:lmb_v10:3.0 - ilmb_v10
Adding cell -- xilinx.com:ip:lmb_bram_if_cntlr:4.0 - dlmb_bram_if_cntlr
Adding cell -- xilinx.com:ip:lmb_bram_if_cntlr:4.0 - ilmb_bram_if_cntlr
Adding cell -- xilinx.com:ip:blk_mem_gen:8.3 - lmb_bram
Excluding </axi_tft_0/S_AXI_MM/Reg> from </axi_vdma_0/Data_S2MM>
Excluding </axi_uartlite_0/S_AXI/Reg> from </axi_vdma_0/Data_S2MM>
Excluding </axi_vdma_0/S_AXI_LITE/Reg> from </axi_vdma_0/Data_S2MM>
Excluding </Tracking_IP_0/S00_AXI/S00_AXI_reg> from </axi_vdma_0/Data_S2MM>
Excluding </axi_tft_0/S_AXI_MM/Reg> from </axi_tft_0/Video_data>
Excluding </axi_uartlite_0/S_AXI/Reg> from </axi_tft_0/Video_data>
Excluding </axi_vdma_0/S_AXI_LITE/Reg> from </axi_tft_0/Video_data>
Excluding </Tracking_IP_0/S00_AXI/S00_AXI_reg> from </axi_tft_0/Video_data>
Successfully read diagram <design_1> from BD file <C:/Users/jon/ECE532/video_in_with_tracking/project_tracking/project_tracking.srcs/sources_1/bd/design_1/design_1.bd>
open_bd_design: Time (s): cpu = 00:00:12 ; elapsed = 00:00:11 . Memory (MB): peak = 1131.797 ; gain = 21.211
report_ip_status -name ip_status 
export_ip_user_files -of_objects [get_ips  {design_1_Tracking_IP_0_0 design_1_video_in_ip_0_0}] -no_script -reset -quiet
upgrade_ip [get_ips  {design_1_Tracking_IP_0_0 design_1_video_in_ip_0_0}] -log ip_upgrade.log
Upgrading 'C:/Users/jon/ECE532/video_in_with_tracking/project_tracking/project_tracking.srcs/sources_1/bd/design_1/design_1.bd'
INFO: [IP_Flow 19-3422] Upgraded design_1_Tracking_IP_0_0 (Tracking_IP_v1.0 1.0) from revision 3 to revision 5
WARNING: [IP_Flow 19-4698] Upgrade has added port 'data_tuser'
WARNING: [IP_Flow 19-3298] Detected external port differences while upgrading 'IP design_1_Tracking_IP_0_0'. These changes may impact your design.
Excluding </Tracking_IP_0/S00_AXI/S00_AXI_reg> from </axi_vdma_0/Data_S2MM>
Excluding </Tracking_IP_0/S00_AXI/S00_AXI_reg> from </axi_tft_0/Video_data>
INFO: [IP_Flow 19-3422] Upgraded design_1_video_in_ip_0_0 (video_in_ip 1.0) from revision 4 to revision 5
CRITICAL WARNING: [Coretcl 2-1279] The upgrade of 'IP design_1_Tracking_IP_0_0' has identified issues that may require user intervention. Please review the upgrade log 'c:/Users/jon/ECE532/video_in_with_tracking/project_tracking/ip_upgrade.log', and verify that the upgraded IP is correctly configured.
Wrote  : <C:/Users/jon/ECE532/video_in_with_tracking/project_tracking/project_tracking.srcs/sources_1/bd/design_1/design_1.bd> 
INFO: [Coretcl 2-1525] Wrote upgrade log to 'C:/Users/jon/ECE532/video_in_with_tracking/project_tracking/ip_upgrade.log'.
generate_target all [get_files  C:/Users/jon/ECE532/video_in_with_tracking/project_tracking/project_tracking.srcs/sources_1/bd/design_1/design_1.bd]
INFO: [Device 21-403] Loading part xc7a100tcsg324-1
CRITICAL WARNING: [BD 41-759] The input pins (listed below) are either not connected or do not have a source port, and they don't have a tie-off specified. 
Please check your design and connect them if needed: 
/Tracking_IP_0/data_tuser

Verilog Output written to : C:/Users/jon/ECE532/video_in_with_tracking/project_tracking/project_tracking.srcs/sources_1/bd/design_1/hdl/design_1.v
Verilog Output written to : C:/Users/jon/ECE532/video_in_with_tracking/project_tracking/project_tracking.srcs/sources_1/bd/design_1/hdl/design_1_wrapper.v
Wrote  : <C:/Users/jon/ECE532/video_in_with_tracking/project_tracking/project_tracking.srcs/sources_1/bd/design_1/design_1.bd> 
INFO: [BD 41-1029] Generation completed for the IP Integrator block microblaze_0 .
INFO: [BD 41-1029] Generation completed for the IP Integrator block microblaze_0_local_memory/dlmb_v10 .
INFO: [BD 41-1029] Generation completed for the IP Integrator block microblaze_0_local_memory/ilmb_v10 .
INFO: [BD 41-1029] Generation completed for the IP Integrator block microblaze_0_local_memory/dlmb_bram_if_cntlr .
INFO: [BD 41-1029] Generation completed for the IP Integrator block microblaze_0_local_memory/ilmb_bram_if_cntlr .
INFO: [BD 41-1029] Generation completed for the IP Integrator block microblaze_0_local_memory/lmb_bram .
INFO: [BD 41-1029] Generation completed for the IP Integrator block mdm_1 .
INFO: [BD 41-1029] Generation completed for the IP Integrator block clk_wiz_1 .
INFO: [BD 41-1029] Generation completed for the IP Integrator block rst_clk_wiz_1_100M .
INFO: [BD 41-1029] Generation completed for the IP Integrator block axi_uartlite_0 .
INFO: [BD 41-1029] Generation completed for the IP Integrator block mig_7series_0 .
INFO: [BD 41-1029] Generation completed for the IP Integrator block microblaze_0_axi_periph/xbar .
INFO: [BD 41-1029] Generation completed for the IP Integrator block rst_mig_7series_0_81M .
INFO: [BD 41-1029] Generation completed for the IP Integrator block axi_tft_0 .
INFO: [BD 41-1029] Generation completed for the IP Integrator block video_in_ip_0 .
INFO: [BD 41-1029] Generation completed for the IP Integrator block axi_vdma_0 .
INFO: [BD 41-1029] Generation completed for the IP Integrator block Tracking_IP_0 .
INFO: [BD 41-1029] Generation completed for the IP Integrator block microblaze_0_axi_periph/m00_couplers/auto_ds .
INFO: [BD 41-1029] Generation completed for the IP Integrator block microblaze_0_axi_periph/m00_couplers/auto_pc .
INFO: [BD 41-1029] Generation completed for the IP Integrator block microblaze_0_axi_periph/m01_couplers/auto_cc .
INFO: [BD 41-1029] Generation completed for the IP Integrator block microblaze_0_axi_periph/m02_couplers/auto_ds .
INFO: [BD 41-1029] Generation completed for the IP Integrator block microblaze_0_axi_periph/m02_couplers/auto_pc .
INFO: [BD 41-1029] Generation completed for the IP Integrator block microblaze_0_axi_periph/m03_couplers/auto_ds .
INFO: [BD 41-1029] Generation completed for the IP Integrator block microblaze_0_axi_periph/m03_couplers/auto_pc .
INFO: [BD 41-1029] Generation completed for the IP Integrator block microblaze_0_axi_periph/m04_couplers/auto_ds .
INFO: [BD 41-1029] Generation completed for the IP Integrator block microblaze_0_axi_periph/m04_couplers/auto_pc .
INFO: [BD 41-1029] Generation completed for the IP Integrator block microblaze_0_axi_periph/s00_couplers/auto_pc .
INFO: [BD 41-1029] Generation completed for the IP Integrator block microblaze_0_axi_periph/s00_couplers/auto_us .
INFO: [BD 41-1029] Generation completed for the IP Integrator block microblaze_0_axi_periph/s02_couplers/auto_us .
Exporting to file C:/Users/jon/ECE532/video_in_with_tracking/project_tracking/project_tracking.srcs/sources_1/bd/design_1/hw_handoff/design_1.hwh
Generated Block Design Tcl file C:/Users/jon/ECE532/video_in_with_tracking/project_tracking/project_tracking.srcs/sources_1/bd/design_1/hw_handoff/design_1_bd.tcl
Generated Hardware Definition File C:/Users/jon/ECE532/video_in_with_tracking/project_tracking/project_tracking.srcs/sources_1/bd/design_1/hdl/design_1.hwdef
generate_target: Time (s): cpu = 00:00:27 ; elapsed = 00:00:38 . Memory (MB): peak = 1358.297 ; gain = 164.176
export_ip_user_files -of_objects [get_files C:/Users/jon/ECE532/video_in_with_tracking/project_tracking/project_tracking.srcs/sources_1/bd/design_1/design_1.bd] -no_script -force -quiet
export_simulation -of_objects [get_files C:/Users/jon/ECE532/video_in_with_tracking/project_tracking/project_tracking.srcs/sources_1/bd/design_1/design_1.bd] -directory C:/Users/jon/ECE532/video_in_with_tracking/project_tracking/project_tracking.ip_user_files/sim_scripts -ip_user_files_dir C:/Users/jon/ECE532/video_in_with_tracking/project_tracking/project_tracking.ip_user_files -ipstatic_source_dir C:/Users/jon/ECE532/video_in_with_tracking/project_tracking/project_tracking.ip_user_files/ipstatic -force -quiet
report_ip_status -name ip_status 
connect_bd_net [get_bd_pins Tracking_IP_0/data_tuser] [get_bd_pins video_in_ip_0/m00_axis_tuser]
save_bd_design
Wrote  : <C:/Users/jon/ECE532/video_in_with_tracking/project_tracking/project_tracking.srcs/sources_1/bd/design_1/design_1.bd> 
validate_bd_design
validate_bd_design: Time (s): cpu = 00:00:10 ; elapsed = 00:00:13 . Memory (MB): peak = 1362.016 ; gain = 0.000
remove_files C:/Users/jon/ECE532/video_in_with_tracking/project_tracking/project_tracking.srcs/sources_1/bd/design_1/hdl/design_1_wrapper.v
update_compile_order -fileset sources_1
update_compile_order -fileset sim_1
make_wrapper -files [get_files C:/Users/jon/ECE532/video_in_with_tracking/project_tracking/project_tracking.srcs/sources_1/bd/design_1/design_1.bd] -top
INFO: [BD 41-1662] The design 'design_1.bd' is already validated. Therefore parameter propagation will not be re-run.
Verilog Output written to : C:/Users/jon/ECE532/video_in_with_tracking/project_tracking/project_tracking.srcs/sources_1/bd/design_1/hdl/design_1.v
Verilog Output written to : C:/Users/jon/ECE532/video_in_with_tracking/project_tracking/project_tracking.srcs/sources_1/bd/design_1/hdl/design_1_wrapper.v
Wrote  : <C:/Users/jon/ECE532/video_in_with_tracking/project_tracking/project_tracking.srcs/sources_1/bd/design_1/design_1.bd> 
add_files -norecurse C:/Users/jon/ECE532/video_in_with_tracking/project_tracking/project_tracking.srcs/sources_1/bd/design_1/hdl/design_1_wrapper.v
update_compile_order -fileset sources_1
update_compile_order -fileset sim_1
reset_run synth_1
launch_runs impl_1 -to_step write_bitstream
INFO: [BD 41-1662] The design 'design_1.bd' is already validated. Therefore parameter propagation will not be re-run.
Verilog Output written to : C:/Users/jon/ECE532/video_in_with_tracking/project_tracking/project_tracking.srcs/sources_1/bd/design_1/hdl/design_1.v
Verilog Output written to : C:/Users/jon/ECE532/video_in_with_tracking/project_tracking/project_tracking.srcs/sources_1/bd/design_1/hdl/design_1_wrapper.v
Wrote  : <C:/Users/jon/ECE532/video_in_with_tracking/project_tracking/project_tracking.srcs/sources_1/bd/design_1/design_1.bd> 
INFO: [BD 41-1029] Generation completed for the IP Integrator block microblaze_0 .
INFO: [BD 41-1029] Generation completed for the IP Integrator block microblaze_0_local_memory/dlmb_v10 .
INFO: [BD 41-1029] Generation completed for the IP Integrator block microblaze_0_local_memory/ilmb_v10 .
INFO: [BD 41-1029] Generation completed for the IP Integrator block microblaze_0_local_memory/dlmb_bram_if_cntlr .
INFO: [BD 41-1029] Generation completed for the IP Integrator block microblaze_0_local_memory/ilmb_bram_if_cntlr .
INFO: [BD 41-1029] Generation completed for the IP Integrator block microblaze_0_local_memory/lmb_bram .
INFO: [BD 41-1029] Generation completed for the IP Integrator block mdm_1 .
INFO: [BD 41-1029] Generation completed for the IP Integrator block clk_wiz_1 .
INFO: [BD 41-1029] Generation completed for the IP Integrator block rst_clk_wiz_1_100M .
INFO: [BD 41-1029] Generation completed for the IP Integrator block axi_uartlite_0 .
INFO: [BD 41-1029] Generation completed for the IP Integrator block mig_7series_0 .
INFO: [BD 41-1029] Generation completed for the IP Integrator block microblaze_0_axi_periph/xbar .
INFO: [BD 41-1029] Generation completed for the IP Integrator block rst_mig_7series_0_81M .
INFO: [BD 41-1029] Generation completed for the IP Integrator block axi_tft_0 .
INFO: [BD 41-1029] Generation completed for the IP Integrator block video_in_ip_0 .
INFO: [BD 41-1029] Generation completed for the IP Integrator block axi_vdma_0 .
INFO: [BD 41-1029] Generation completed for the IP Integrator block Tracking_IP_0 .
INFO: [BD 41-1029] Generation completed for the IP Integrator block microblaze_0_axi_periph/m00_couplers/auto_ds .
INFO: [BD 41-1029] Generation completed for the IP Integrator block microblaze_0_axi_periph/m00_couplers/auto_pc .
INFO: [BD 41-1029] Generation completed for the IP Integrator block microblaze_0_axi_periph/m01_couplers/auto_cc .
INFO: [BD 41-1029] Generation completed for the IP Integrator block microblaze_0_axi_periph/m02_couplers/auto_ds .
INFO: [BD 41-1029] Generation completed for the IP Integrator block microblaze_0_axi_periph/m02_couplers/auto_pc .
INFO: [BD 41-1029] Generation completed for the IP Integrator block microblaze_0_axi_periph/m03_couplers/auto_ds .
INFO: [BD 41-1029] Generation completed for the IP Integrator block microblaze_0_axi_periph/m03_couplers/auto_pc .
INFO: [BD 41-1029] Generation completed for the IP Integrator block microblaze_0_axi_periph/m04_couplers/auto_ds .
INFO: [BD 41-1029] Generation completed for the IP Integrator block microblaze_0_axi_periph/m04_couplers/auto_pc .
INFO: [BD 41-1029] Generation completed for the IP Integrator block microblaze_0_axi_periph/s00_couplers/auto_pc .
INFO: [BD 41-1029] Generation completed for the IP Integrator block microblaze_0_axi_periph/s00_couplers/auto_us .
INFO: [BD 41-1029] Generation completed for the IP Integrator block microblaze_0_axi_periph/s02_couplers/auto_us .
Exporting to file C:/Users/jon/ECE532/video_in_with_tracking/project_tracking/project_tracking.srcs/sources_1/bd/design_1/hw_handoff/design_1.hwh
Generated Block Design Tcl file C:/Users/jon/ECE532/video_in_with_tracking/project_tracking/project_tracking.srcs/sources_1/bd/design_1/hw_handoff/design_1_bd.tcl
Generated Hardware Definition File C:/Users/jon/ECE532/video_in_with_tracking/project_tracking/project_tracking.srcs/sources_1/bd/design_1/hdl/design_1.hwdef
[Thu Mar 16 21:57:18 2017] Launched synth_1...
Run output will be captured here: C:/Users/jon/ECE532/video_in_with_tracking/project_tracking/project_tracking.runs/synth_1/runme.log
[Thu Mar 16 21:57:18 2017] Launched impl_1...
Run output will be captured here: C:/Users/jon/ECE532/video_in_with_tracking/project_tracking/project_tracking.runs/impl_1/runme.log
launch_runs: Time (s): cpu = 00:00:12 ; elapsed = 00:00:51 . Memory (MB): peak = 1406.457 ; gain = 29.367
file copy -force C:/Users/jon/ECE532/video_in_with_tracking/project_tracking/project_tracking.runs/impl_1/design_1_wrapper.sysdef C:/Users/jon/ECE532/video_in_with_tracking/project_tracking/project_tracking.sdk/design_1_wrapper.hdf

launch_sdk -workspace C:/Users/jon/ECE532/video_in_with_tracking/project_tracking/project_tracking.sdk -hwspec C:/Users/jon/ECE532/video_in_with_tracking/project_tracking/project_tracking.sdk/design_1_wrapper.hdf
INFO: [Vivado 12-393] Launching SDK...
INFO: [Vivado 12-417] Running xsdk -workspace C:/Users/jon/ECE532/video_in_with_tracking/project_tracking/project_tracking.sdk -hwspec C:/Users/jon/ECE532/video_in_with_tracking/project_tracking/project_tracking.sdk/design_1_wrapper.hdf
INFO: [Vivado 12-3157] SDK launch initiated. Please check console for any further messages.
exit
INFO: [Common 17-206] Exiting Vivado at Fri Mar 17 09:38:20 2017...
