#-----------------------------------------------------------
# Vivado v2016.2 (64-bit)
# SW Build 1577090 on Thu Jun  2 16:32:40 MDT 2016
# IP Build 1577682 on Fri Jun  3 12:00:54 MDT 2016
# Start of session at: Fri Mar 10 14:45:25 2017
# Process ID: 7836
# Current directory: C:/Users/jon/ECE532/video_in_ip/managed_ip_project
# Command line: vivado.exe -gui_launcher_event rodinguilauncherevent544 C:\Users\jon\ECE532\video_in_ip\managed_ip_project\managed_ip_project.xpr
# Log file: C:/Users/jon/ECE532/video_in_ip/managed_ip_project/vivado.log
# Journal file: C:/Users/jon/ECE532/video_in_ip/managed_ip_project\vivado.jou
#-----------------------------------------------------------
start_gui
open_project C:/Users/jon/ECE532/video_in_ip/managed_ip_project/managed_ip_project.xpr
Scanning sources...
Finished scanning sources
INFO: [IP_Flow 19-234] Refreshing IP repositories
INFO: [IP_Flow 19-1700] Loaded user IP repository 'c:/Users/jon/ECE532/video_in_ip/ip_repo/video_in_ip_1.0'.
INFO: [IP_Flow 19-2313] Loaded Vivado IP repository 'C:/Xilinx/Vivado/2016.2/data/ip'.
open_project: Time (s): cpu = 00:00:11 ; elapsed = 00:00:11 . Memory (MB): peak = 731.809 ; gain = 101.023
exit
INFO: [Common 17-206] Exiting Vivado at Fri Mar 10 14:46:09 2017...
