Copyright 1986-2016 Xilinx, Inc. All Rights Reserved.
------------------------------------------------------------------------------------
| Tool Version : Vivado v.2016.2 (win64) Build 1577090 Thu Jun  2 16:32:40 MDT 2016
| Date         : Thu Mar 16 18:56:31 2017
| Host         : QIJUNWEN77B9 running 64-bit major release  (build 9200)
| Command      : upgrade_ip
| Device       : xc7a100tcsg324-1
------------------------------------------------------------------------------------

Upgrade Log for IP 'design_1_video_in_ip_0_0'

1. Summary
----------

SUCCESS in the upgrade of design_1_video_in_ip_0_0 (user:user:video_in_ip:1.0) from (Rev. 4) to (Rev. 5)






Copyright 1986-2016 Xilinx, Inc. All Rights Reserved.
------------------------------------------------------------------------------------
| Tool Version : Vivado v.2016.2 (win64) Build 1577090 Thu Jun  2 16:32:40 MDT 2016
| Date         : Fri Mar 03 03:47:26 2017
| Host         : QIJUNWEN77B9 running 64-bit major release  (build 9200)
| Command      : upgrade_ip
| Device       : xc7a100tcsg324-1
------------------------------------------------------------------------------------

Upgrade Log for IP 'design_1_video_in_ip_0_0'

1. Summary
----------

SUCCESS in the update of design_1_video_in_ip_0_0 (user:user:video_in_ip:1.0 (Rev. 4)) to current project options.






Copyright 1986-2016 Xilinx, Inc. All Rights Reserved.
------------------------------------------------------------------------------------
| Tool Version : Vivado v.2016.2 (win64) Build 1577090 Thu Jun  2 16:32:40 MDT 2016
| Date         : Fri Mar 03 03:45:45 2017
| Host         : QIJUNWEN77B9 running 64-bit major release  (build 9200)
| Command      : upgrade_ip
| Device       : xc7a100tcsg324-1
------------------------------------------------------------------------------------

Upgrade Log for IP 'design_1_video_in_ip_0_0'

1. Summary
----------

SUCCESS in the update of design_1_video_in_ip_0_0 (user:user:video_in_ip:1.0 (Rev. 4)) to current project options.






Copyright 1986-2016 Xilinx, Inc. All Rights Reserved.
------------------------------------------------------------------------------------
| Tool Version : Vivado v.2016.2 (win64) Build 1577090 Thu Jun  2 16:32:40 MDT 2016
| Date         : Fri Mar 03 02:52:54 2017
| Host         : QIJUNWEN77B9 running 64-bit major release  (build 9200)
| Command      : upgrade_ip
| Device       : xc7a100tcsg324-1
------------------------------------------------------------------------------------

Upgrade Log for IP 'design_1_video_in_ip_0_0'

1. Summary
----------

SUCCESS in the update of design_1_video_in_ip_0_0 (user:user:video_in_ip:1.0 (Rev. 4)) to current project options.

