#-----------------------------------------------------------
# Vivado v2016.2 (64-bit)
# SW Build 1577090 on Thu Jun  2 16:32:40 MDT 2016
# IP Build 1577682 on Fri Jun  3 12:00:54 MDT 2016
# Start of session at: Thu Mar 09 22:38:47 2017
# Process ID: 3236
# Current directory: C:/Users/jon/ECE532/video_in_ip/debug/project_1
# Command line: vivado.exe -gui_launcher_event rodinguilauncherevent4556 C:\Users\jon\ECE532\video_in_ip\debug\project_1\project_1.xpr
# Log file: C:/Users/jon/ECE532/video_in_ip/debug/project_1/vivado.log
# Journal file: C:/Users/jon/ECE532/video_in_ip/debug/project_1\vivado.jou
#-----------------------------------------------------------
start_gui
open_project C:/Users/jon/ECE532/video_in_ip/debug/project_1/project_1.xpr
Scanning sources...
Finished scanning sources
INFO: [IP_Flow 19-234] Refreshing IP repositories
INFO: [IP_Flow 19-1700] Loaded user IP repository 'c:/Users/jon/ECE532/video_in_ip/ip_repo'.
INFO: [IP_Flow 19-2313] Loaded Vivado IP repository 'C:/Xilinx/Vivado/2016.2/data/ip'.
open_project: Time (s): cpu = 00:00:22 ; elapsed = 00:00:19 . Memory (MB): peak = 807.785 ; gain = 188.605
update_compile_order -fileset sources_1
open_bd_design {C:/Users/jon/ECE532/video_in_ip/debug/project_1/project_1.srcs/sources_1/bd/design_1/design_1.bd}
Adding cell -- xilinx.com:ip:clk_wiz:5.3 - clk_wiz_0
Adding cell -- xilinx.com:ip:proc_sys_reset:5.0 - proc_sys_reset_0
Adding cell -- xilinx.com:ip:axi_vdma:6.2 - axi_vdma_0
Adding cell -- user:user:video_in_ip:1.0 - video_in_ip_0
Successfully read diagram <design_1> from BD file <C:/Users/jon/ECE532/video_in_ip/debug/project_1/project_1.srcs/sources_1/bd/design_1/design_1.bd>
open_bd_design: Time (s): cpu = 00:00:09 ; elapsed = 00:00:10 . Memory (MB): peak = 932.188 ; gain = 124.402
open_run synth_1 -name synth_1
Design is defaulting to impl run constrset: constrs_1
Design is defaulting to synth run part: xc7a100tcsg324-1
INFO: [Netlist 29-17] Analyzing 105 Unisim elements for replacement
INFO: [Netlist 29-28] Unisim Transformation completed in 0 CPU seconds
INFO: [Project 1-479] Netlist was created with Vivado 2016.2
INFO: [Device 21-403] Loading part xc7a100tcsg324-1
INFO: [Project 1-570] Preparing netlist for logic optimization
Parsing XDC File [c:/Users/jon/ECE532/video_in_ip/debug/project_1/project_1.srcs/sources_1/bd/design_1/ip/design_1_clk_wiz_0_0/design_1_clk_wiz_0_0_board.xdc] for cell 'design_1_i/clk_wiz_0/inst'
Finished Parsing XDC File [c:/Users/jon/ECE532/video_in_ip/debug/project_1/project_1.srcs/sources_1/bd/design_1/ip/design_1_clk_wiz_0_0/design_1_clk_wiz_0_0_board.xdc] for cell 'design_1_i/clk_wiz_0/inst'
Parsing XDC File [c:/Users/jon/ECE532/video_in_ip/debug/project_1/project_1.srcs/sources_1/bd/design_1/ip/design_1_clk_wiz_0_0/design_1_clk_wiz_0_0.xdc] for cell 'design_1_i/clk_wiz_0/inst'
INFO: [Timing 38-35] Done setting XDC timing constraints. [c:/Users/jon/ECE532/video_in_ip/debug/project_1/project_1.srcs/sources_1/bd/design_1/ip/design_1_clk_wiz_0_0/design_1_clk_wiz_0_0.xdc:57]
INFO: [Timing 38-2] Deriving generated clocks [c:/Users/jon/ECE532/video_in_ip/debug/project_1/project_1.srcs/sources_1/bd/design_1/ip/design_1_clk_wiz_0_0/design_1_clk_wiz_0_0.xdc:57]
get_clocks: Time (s): cpu = 00:00:13 ; elapsed = 00:00:22 . Memory (MB): peak = 1590.234 ; gain = 479.422
Finished Parsing XDC File [c:/Users/jon/ECE532/video_in_ip/debug/project_1/project_1.srcs/sources_1/bd/design_1/ip/design_1_clk_wiz_0_0/design_1_clk_wiz_0_0.xdc] for cell 'design_1_i/clk_wiz_0/inst'
Parsing XDC File [c:/Users/jon/ECE532/video_in_ip/debug/project_1/project_1.srcs/sources_1/bd/design_1/ip/design_1_proc_sys_reset_0_0/design_1_proc_sys_reset_0_0_board.xdc] for cell 'design_1_i/proc_sys_reset_0/U0'
Finished Parsing XDC File [c:/Users/jon/ECE532/video_in_ip/debug/project_1/project_1.srcs/sources_1/bd/design_1/ip/design_1_proc_sys_reset_0_0/design_1_proc_sys_reset_0_0_board.xdc] for cell 'design_1_i/proc_sys_reset_0/U0'
Parsing XDC File [c:/Users/jon/ECE532/video_in_ip/debug/project_1/project_1.srcs/sources_1/bd/design_1/ip/design_1_proc_sys_reset_0_0/design_1_proc_sys_reset_0_0.xdc] for cell 'design_1_i/proc_sys_reset_0/U0'
Finished Parsing XDC File [c:/Users/jon/ECE532/video_in_ip/debug/project_1/project_1.srcs/sources_1/bd/design_1/ip/design_1_proc_sys_reset_0_0/design_1_proc_sys_reset_0_0.xdc] for cell 'design_1_i/proc_sys_reset_0/U0'
Parsing XDC File [c:/Users/jon/ECE532/video_in_ip/debug/project_1/project_1.srcs/sources_1/bd/design_1/ip/design_1_axi_vdma_0_0/design_1_axi_vdma_0_0.xdc] for cell 'design_1_i/axi_vdma_0/U0'
Finished Parsing XDC File [c:/Users/jon/ECE532/video_in_ip/debug/project_1/project_1.srcs/sources_1/bd/design_1/ip/design_1_axi_vdma_0_0/design_1_axi_vdma_0_0.xdc] for cell 'design_1_i/axi_vdma_0/U0'
Parsing XDC File [C:/Users/jon/ECE532/video_in_ip/debug/project_1/project_1.srcs/constrs_1/new/constrain.xdc]
Finished Parsing XDC File [C:/Users/jon/ECE532/video_in_ip/debug/project_1/project_1.srcs/constrs_1/new/constrain.xdc]
Parsing XDC File [c:/Users/jon/ECE532/video_in_ip/debug/project_1/project_1.srcs/sources_1/bd/design_1/ip/edit_video_in_ip_v1_0.srcs/sources_1/ip/v_vid_in_axi4s_0/v_vid_in_axi4s_0_clocks.xdc] for cell 'design_1_i/video_in_ip_0/inst/vid_in_to_axi4s/inst'
WARNING: [Vivado 12-1008] No clocks found for command 'get_clocks -of_objects [get_ports -scoped_to_current_instance vid_io_in_clk]'. [c:/Users/jon/ECE532/video_in_ip/debug/project_1/project_1.srcs/sources_1/bd/design_1/ip/edit_video_in_ip_v1_0.srcs/sources_1/ip/v_vid_in_axi4s_0/v_vid_in_axi4s_0_clocks.xdc:6]
Resolution: Verify the create_clock command was called to create the clock object before it is referenced.
INFO: [Vivado 12-626] No clocks found. Please use 'create_clock' or 'create_generated_clock' command to create clocks. [c:/Users/jon/ECE532/video_in_ip/debug/project_1/project_1.srcs/sources_1/bd/design_1/ip/edit_video_in_ip_v1_0.srcs/sources_1/ip/v_vid_in_axi4s_0/v_vid_in_axi4s_0_clocks.xdc:6]
CRITICAL WARNING: [Common 17-55] 'get_property' expects at least one object. [c:/Users/jon/ECE532/video_in_ip/debug/project_1/project_1.srcs/sources_1/bd/design_1/ip/edit_video_in_ip_v1_0.srcs/sources_1/ip/v_vid_in_axi4s_0/v_vid_in_axi4s_0_clocks.xdc:11]
Resolution: If [get_<value>] was used to populate the object, check to make sure this command returns at least one valid object.
Finished Parsing XDC File [c:/Users/jon/ECE532/video_in_ip/debug/project_1/project_1.srcs/sources_1/bd/design_1/ip/edit_video_in_ip_v1_0.srcs/sources_1/ip/v_vid_in_axi4s_0/v_vid_in_axi4s_0_clocks.xdc] for cell 'design_1_i/video_in_ip_0/inst/vid_in_to_axi4s/inst'
Parsing XDC File [c:/Users/jon/ECE532/video_in_ip/debug/project_1/project_1.srcs/sources_1/bd/design_1/ip/design_1_axi_vdma_0_0/design_1_axi_vdma_0_0_clocks.xdc] for cell 'design_1_i/axi_vdma_0/U0'
Finished Parsing XDC File [c:/Users/jon/ECE532/video_in_ip/debug/project_1/project_1.srcs/sources_1/bd/design_1/ip/design_1_axi_vdma_0_0/design_1_axi_vdma_0_0_clocks.xdc] for cell 'design_1_i/axi_vdma_0/U0'
INFO: [Opt 31-138] Pushed 0 inverter(s) to 0 load pin(s).
INFO: [Common 17-41] Interrupt caught. Command should exit soon.
