#-----------------------------------------------------------
# Vivado v2016.2 (64-bit)
# SW Build 1577090 on Thu Jun  2 16:32:40 MDT 2016
# IP Build 1577682 on Fri Jun  3 12:00:54 MDT 2016
# Start of session at: Wed Mar 29 23:52:53 2017
# Process ID: 6628
# Current directory: C:/Users/jon/ECE532/tracking/trackin_IP/ip_repo
# Command line: vivado.exe -gui_launcher_event rodinguilauncherevent5416 C:\Users\jon\ECE532\tracking\trackin_IP\ip_repo\edit_Tracking_IP_v1_0.xpr
# Log file: C:/Users/jon/ECE532/tracking/trackin_IP/ip_repo/vivado.log
# Journal file: C:/Users/jon/ECE532/tracking/trackin_IP/ip_repo\vivado.jou
#-----------------------------------------------------------
start_gui
open_project C:/Users/jon/ECE532/tracking/trackin_IP/ip_repo/edit_Tracking_IP_v1_0.xpr
Scanning sources...
Finished scanning sources
INFO: [IP_Flow 19-234] Refreshing IP repositories
INFO: [IP_Flow 19-1700] Loaded user IP repository 'c:/Users/jon/ECE532/tracking/trackin_IP/ip_repo/Tracking_IP_1.0'.
INFO: [IP_Flow 19-2313] Loaded Vivado IP repository 'C:/Xilinx/Vivado/2016.2/data/ip'.
open_project: Time (s): cpu = 00:00:12 ; elapsed = 00:00:14 . Memory (MB): peak = 762.090 ; gain = 130.348
update_compile_order -fileset sources_1
exit
INFO: [Common 17-206] Exiting Vivado at Thu Mar 30 00:02:23 2017...
