#-----------------------------------------------------------
# Vivado v2016.2 (64-bit)
# SW Build 1577090 on Thu Jun  2 16:32:40 MDT 2016
# IP Build 1577682 on Fri Jun  3 12:00:54 MDT 2016
# Start of session at: Thu Mar 16 21:37:22 2017
# Process ID: 3992
# Current directory: C:/Users/jon/ECE532/tracking/trackin_IP/ip_repo
# Command line: vivado.exe -gui_launcher_event rodinguilauncherevent7520 C:\Users\jon\ECE532\tracking\trackin_IP\ip_repo\edit_Tracking_IP_v1_0.xpr
# Log file: C:/Users/jon/ECE532/tracking/trackin_IP/ip_repo/vivado.log
# Journal file: C:/Users/jon/ECE532/tracking/trackin_IP/ip_repo\vivado.jou
#-----------------------------------------------------------
start_gui
open_project C:/Users/jon/ECE532/tracking/trackin_IP/ip_repo/edit_Tracking_IP_v1_0.xpr
Scanning sources...
Finished scanning sources
INFO: [IP_Flow 19-234] Refreshing IP repositories
INFO: [IP_Flow 19-1700] Loaded user IP repository 'c:/Users/jon/ECE532/tracking/trackin_IP/ip_repo/Tracking_IP_1.0'.
INFO: [IP_Flow 19-2313] Loaded Vivado IP repository 'C:/Xilinx/Vivado/2016.2/data/ip'.
open_project: Time (s): cpu = 00:00:10 ; elapsed = 00:00:08 . Memory (MB): peak = 725.566 ; gain = 119.008
update_compile_order -fileset sources_1
update_compile_order -fileset sources_1
ipx::open_ipxact_file C:/Users/jon/ECE532/tracking/trackin_IP/ip_repo/Tracking_IP_1.0/component.xml
set_property core_revision 4 [ipx::current_core]
ipx::create_xgui_files [ipx::current_core]
ipx::update_checksums [ipx::current_core]
ipx::save_core [ipx::current_core]
update_ip_catalog -rebuild -repo_path c:/Users/jon/ECE532/tracking/trackin_IP/ip_repo/Tracking_IP_1.0
INFO: [IP_Flow 19-725] Reloaded user IP repository 'c:/Users/jon/ECE532/tracking/trackin_IP/ip_repo/Tracking_IP_1.0'
reset_run synth_1
launch_runs synth_1
INFO: [HDL 9-2216] Analyzing Verilog file "C:/Users/jon/ECE532/tracking/trackin_IP/ip_repo/Tracking_IP_1.0/src/track_top.v" into library work [C:/Users/jon/ECE532/tracking/trackin_IP/ip_repo/Tracking_IP_1.0/src/track_top.v:1]
INFO: [Common 17-41] Interrupt caught. Command should exit soon.
[Thu Mar 16 21:40:11 2017] Launched synth_1...
Run output will be captured here: C:/Users/jon/ECE532/tracking/trackin_IP/ip_repo/edit_Tracking_IP_v1_0.runs/synth_1/runme.log
launch_runs: Time (s): cpu = 00:00:06 ; elapsed = 00:00:36 . Memory (MB): peak = 768.262 ; gain = 13.063
INFO: [Common 17-344] 'launch_runs' was cancelled
ipx::merge_project_changes ports [ipx::current_core]
set_property core_revision 5 [ipx::current_core]
ipx::create_xgui_files [ipx::current_core]
ipx::update_checksums [ipx::current_core]
ipx::save_core [ipx::current_core]
update_ip_catalog -rebuild -repo_path c:/Users/jon/ECE532/tracking/trackin_IP/ip_repo/Tracking_IP_1.0
INFO: [IP_Flow 19-725] Reloaded user IP repository 'c:/Users/jon/ECE532/tracking/trackin_IP/ip_repo/Tracking_IP_1.0'
launch_runs synth_1
INFO: [HDL 9-2216] Analyzing Verilog file "C:/Users/jon/ECE532/tracking/trackin_IP/ip_repo/Tracking_IP_1.0/hdl/Tracking_IP_v1_0.v" into library work [C:/Users/jon/ECE532/tracking/trackin_IP/ip_repo/Tracking_IP_1.0/hdl/Tracking_IP_v1_0.v:1]
[Thu Mar 16 21:43:13 2017] Launched synth_1...
Run output will be captured here: C:/Users/jon/ECE532/tracking/trackin_IP/ip_repo/edit_Tracking_IP_v1_0.runs/synth_1/runme.log
launch_runs: Time (s): cpu = 00:00:00 ; elapsed = 00:00:34 . Memory (MB): peak = 802.621 ; gain = 0.000
reset_run synth_1
launch_runs synth_1
INFO: [HDL 9-2216] Analyzing Verilog file "C:/Users/jon/ECE532/tracking/trackin_IP/ip_repo/Tracking_IP_1.0/hdl/Tracking_IP_v1_0.v" into library work [C:/Users/jon/ECE532/tracking/trackin_IP/ip_repo/Tracking_IP_1.0/hdl/Tracking_IP_v1_0.v:1]
[Thu Mar 16 21:44:10 2017] Launched synth_1...
Run output will be captured here: C:/Users/jon/ECE532/tracking/trackin_IP/ip_repo/edit_Tracking_IP_v1_0.runs/synth_1/runme.log
launch_runs: Time (s): cpu = 00:00:00 ; elapsed = 00:00:34 . Memory (MB): peak = 802.621 ; gain = 0.000
exit
INFO: [Common 17-206] Exiting Vivado at Thu Mar 16 23:05:32 2017...
