#-----------------------------------------------------------
# Vivado v2016.2 (64-bit)
# SW Build 1577090 on Thu Jun  2 16:32:40 MDT 2016
# IP Build 1577682 on Fri Jun  3 12:00:54 MDT 2016
# Start of session at: Thu Mar 30 01:17:42 2017
# Process ID: 8772
# Current directory: C:/Users/jon/ECE532/tracking/trackin_IP/ip_repo
# Command line: vivado.exe -gui_launcher_event rodinguilauncherevent5484 C:\Users\jon\ECE532\tracking\trackin_IP\ip_repo\edit_Tracking_IP_v1_0.xpr
# Log file: C:/Users/jon/ECE532/tracking/trackin_IP/ip_repo/vivado.log
# Journal file: C:/Users/jon/ECE532/tracking/trackin_IP/ip_repo\vivado.jou
#-----------------------------------------------------------
start_gui
open_project C:/Users/jon/ECE532/tracking/trackin_IP/ip_repo/edit_Tracking_IP_v1_0.xpr
Scanning sources...
Finished scanning sources
INFO: [IP_Flow 19-234] Refreshing IP repositories
INFO: [IP_Flow 19-1700] Loaded user IP repository 'c:/Users/jon/ECE532/tracking/trackin_IP/ip_repo/Tracking_IP_1.0'.
INFO: [IP_Flow 19-2313] Loaded Vivado IP repository 'C:/Xilinx/Vivado/2016.2/data/ip'.
open_project: Time (s): cpu = 00:00:10 ; elapsed = 00:00:08 . Memory (MB): peak = 747.184 ; gain = 120.254
update_compile_order -fileset sources_1
reset_run synth_1
launch_runs impl_1
[Thu Mar 30 01:18:54 2017] Launched synth_1...
Run output will be captured here: C:/Users/jon/ECE532/tracking/trackin_IP/ip_repo/edit_Tracking_IP_v1_0.runs/synth_1/runme.log
[Thu Mar 30 01:18:54 2017] Launched impl_1...
Run output will be captured here: C:/Users/jon/ECE532/tracking/trackin_IP/ip_repo/edit_Tracking_IP_v1_0.runs/impl_1/runme.log
launch_runs: Time (s): cpu = 00:00:01 ; elapsed = 00:00:34 . Memory (MB): peak = 749.445 ; gain = 2.262
open_run impl_1
INFO: [Netlist 29-17] Analyzing 685 Unisim elements for replacement
INFO: [Netlist 29-28] Unisim Transformation completed in 0 CPU seconds
INFO: [Project 1-479] Netlist was created with Vivado 2016.2
INFO: [Device 21-403] Loading part xc7a100tcsg324-1
INFO: [Project 1-570] Preparing netlist for logic optimization
Reading XDEF placement.
Reading placer database...
Reading XDEF routing.
Read XDEF File: Time (s): cpu = 00:00:01 ; elapsed = 00:00:00.453 . Memory (MB): peak = 984.547 ; gain = 4.324
Restored from archive | CPU: 1.000000 secs | Memory: 0.000000 MB |
Finished XDEF File Restore: Time (s): cpu = 00:00:01 ; elapsed = 00:00:00.453 . Memory (MB): peak = 984.547 ; gain = 4.324
INFO: [Project 1-111] Unisim Transformation Summary:
No Unisim elements were transformed.

open_run: Time (s): cpu = 00:00:19 ; elapsed = 00:00:31 . Memory (MB): peak = 1082.156 ; gain = 286.309
WARNING: [Timing 38-313] There are no user specified timing constraints. Timing constraints are needed for proper timing analysis.
exit
INFO: [Common 17-206] Exiting Vivado at Thu Mar 30 01:22:45 2017...
